CRITICAL - 2022-12-16 09:03:25 --> Call to undefined function form_open()
in APPPATH\Views\Schueler\schuelerHinzufuegen.php on line 20.
 1 SYSTEMPATH\View\View.php(213): include()
 2 SYSTEMPATH\View\View.php(216): CodeIgniter\View\View->CodeIgniter\View\{closure}()
 3 SYSTEMPATH\Common.php(1134): CodeIgniter\View\View->render('Schueler/schuelerHinzufuegen', [], true)
 4 APPPATH\Controllers\Schueler.php(30): view('Schueler/schuelerHinzufuegen', [...])
 5 SYSTEMPATH\CodeIgniter.php(927): App\Controllers\Schueler->schuelerHinzufuegen('asdf')
 6 SYSTEMPATH\CodeIgniter.php(482): CodeIgniter\CodeIgniter->runController(Object(App\Controllers\Schueler))
 7 SYSTEMPATH\CodeIgniter.php(351): CodeIgniter\CodeIgniter->handleRequest(null, Object(Config\Cache), false)
 8 FCPATH\index.php(55): CodeIgniter\CodeIgniter->run()
CRITICAL - 2022-12-16 09:20:13 --> syntax error, unexpected token "=", expecting ")"
in APPPATH\Views\Schueler\schuelerHinzufuegen.php on line 36.
 1 SYSTEMPATH\View\View.php(216): CodeIgniter\View\View->CodeIgniter\View\{closure}()
 2 SYSTEMPATH\Common.php(1134): CodeIgniter\View\View->render('Schueler/schuelerHinzufuegen', [], true)
 3 APPPATH\Controllers\Schueler.php(30): view('Schueler/schuelerHinzufuegen', [...])
 4 SYSTEMPATH\CodeIgniter.php(927): App\Controllers\Schueler->schuelerHinzufuegen('asdf')
 5 SYSTEMPATH\CodeIgniter.php(482): CodeIgniter\CodeIgniter->runController(Object(App\Controllers\Schueler))
 6 SYSTEMPATH\CodeIgniter.php(351): CodeIgniter\CodeIgniter->handleRequest(null, Object(Config\Cache), false)
 7 FCPATH\index.php(55): CodeIgniter\CodeIgniter->run()
CRITICAL - 2022-12-16 09:20:39 --> Call to undefined function value()
in APPPATH\Views\Schueler\schuelerHinzufuegen.php on line 36.
 1 SYSTEMPATH\View\View.php(213): include()
 2 SYSTEMPATH\View\View.php(216): CodeIgniter\View\View->CodeIgniter\View\{closure}()
 3 SYSTEMPATH\Common.php(1134): CodeIgniter\View\View->render('Schueler/schuelerHinzufuegen', [], true)
 4 APPPATH\Controllers\Schueler.php(30): view('Schueler/schuelerHinzufuegen', [...])
 5 SYSTEMPATH\CodeIgniter.php(927): App\Controllers\Schueler->schuelerHinzufuegen('asdf')
 6 SYSTEMPATH\CodeIgniter.php(482): CodeIgniter\CodeIgniter->runController(Object(App\Controllers\Schueler))
 7 SYSTEMPATH\CodeIgniter.php(351): CodeIgniter\CodeIgniter->handleRequest(null, Object(Config\Cache), false)
 8 FCPATH\index.php(55): CodeIgniter\CodeIgniter->run()
CRITICAL - 2022-12-16 09:22:58 --> syntax error, unexpected token ","
in APPPATH\Views\Schueler\schuelerHinzufuegen.php on line 37.
 1 SYSTEMPATH\View\View.php(216): CodeIgniter\View\View->CodeIgniter\View\{closure}()
 2 SYSTEMPATH\Common.php(1134): CodeIgniter\View\View->render('Schueler/schuelerHinzufuegen', [], true)
 3 APPPATH\Controllers\Schueler.php(30): view('Schueler/schuelerHinzufuegen', [...])
 4 SYSTEMPATH\CodeIgniter.php(927): App\Controllers\Schueler->schuelerHinzufuegen('asdf')
 5 SYSTEMPATH\CodeIgniter.php(482): CodeIgniter\CodeIgniter->runController(Object(App\Controllers\Schueler))
 6 SYSTEMPATH\CodeIgniter.php(351): CodeIgniter\CodeIgniter->handleRequest(null, Object(Config\Cache), false)
 7 FCPATH\index.php(55): CodeIgniter\CodeIgniter->run()
CRITICAL - 2022-12-16 09:26:41 --> Array to string conversion
in APPPATH\Views\Schueler\schuelerHinzufuegen.php on line 34.
 1 APPPATH\Views\Schueler\schuelerHinzufuegen.php(34): CodeIgniter\Debug\Exceptions->errorHandler(2, 'Array to string conversion', 'APPPATH\\Views\\Schueler\\schuelerHinzufuegen.php', 34)
 2 SYSTEMPATH\View\View.php(213): include('APPPATH\\Views\\Schueler\\schuelerHinzufuegen.php')
 3 SYSTEMPATH\View\View.php(216): CodeIgniter\View\View->CodeIgniter\View\{closure}()
 4 SYSTEMPATH\Common.php(1134): CodeIgniter\View\View->render('Schueler/schuelerHinzufuegen', [], true)
 5 APPPATH\Controllers\Schueler.php(30): view('Schueler/schuelerHinzufuegen', [...])
 6 SYSTEMPATH\CodeIgniter.php(927): App\Controllers\Schueler->schuelerHinzufuegen('asdf')
 7 SYSTEMPATH\CodeIgniter.php(482): CodeIgniter\CodeIgniter->runController(Object(App\Controllers\Schueler))
 8 SYSTEMPATH\CodeIgniter.php(351): CodeIgniter\CodeIgniter->handleRequest(null, Object(Config\Cache), false)
 9 FCPATH\index.php(55): CodeIgniter\CodeIgniter->run()
CRITICAL - 2022-12-16 09:27:54 --> Undefined constant "disabled"
in APPPATH\Views\Schueler\schuelerHinzufuegen.php on line 34.
 1 SYSTEMPATH\View\View.php(213): include()
 2 SYSTEMPATH\View\View.php(216): CodeIgniter\View\View->CodeIgniter\View\{closure}()
 3 SYSTEMPATH\Common.php(1134): CodeIgniter\View\View->render('Schueler/schuelerHinzufuegen', [], true)
 4 APPPATH\Controllers\Schueler.php(30): view('Schueler/schuelerHinzufuegen', [...])
 5 SYSTEMPATH\CodeIgniter.php(927): App\Controllers\Schueler->schuelerHinzufuegen('asdf')
 6 SYSTEMPATH\CodeIgniter.php(482): CodeIgniter\CodeIgniter->runController(Object(App\Controllers\Schueler))
 7 SYSTEMPATH\CodeIgniter.php(351): CodeIgniter\CodeIgniter->handleRequest(null, Object(Config\Cache), false)
 8 FCPATH\index.php(55): CodeIgniter\CodeIgniter->run()
