ERROR - 2023-02-27 09:32:16 --> mysqli_sql_exception: Table 'agb_ausleihen_db.leiht' doesn't exist in engine in D:\xampp\htdocs\AGB\system\Database\MySQLi\Connection.php:292
Stack trace:
#0 D:\xampp\htdocs\AGB\system\Database\MySQLi\Connection.php(292): mysqli->query('SELECT *\nFROM `...', 0)
#1 D:\xampp\htdocs\AGB\system\Database\BaseConnection.php(666): CodeIgniter\Database\MySQLi\Connection->execute('SELECT *\nFROM `...')
#2 D:\xampp\htdocs\AGB\system\Database\BaseConnection.php(593): CodeIgniter\Database\BaseConnection->simpleQuery('SELECT *\nFROM `...')
#3 D:\xampp\htdocs\AGB\system\Database\BaseBuilder.php(1585): CodeIgniter\Database\BaseConnection->query('SELECT *\nFROM `...', Array, false)
#4 D:\xampp\htdocs\AGB\system\Model.php(223): CodeIgniter\Database\BaseBuilder->get()
#5 D:\xampp\htdocs\AGB\system\BaseModel.php(585): CodeIgniter\Model->doFindAll(0, 0)
#6 D:\xampp\htdocs\AGB\app\Libraries\LeihtHelper.php(116): CodeIgniter\BaseModel->findAll()
#7 D:\xampp\htdocs\AGB\app\Controllers\Home.php(22): App\Libraries\LeihtHelper::getUeberfaellig()
#8 D:\xampp\htdocs\AGB\system\CodeIgniter.php(927): App\Controllers\Home->index()
#9 D:\xampp\htdocs\AGB\system\CodeIgniter.php(482): CodeIgniter\CodeIgniter->runController(Object(App\Controllers\Home))
#10 D:\xampp\htdocs\AGB\system\CodeIgniter.php(351): CodeIgniter\CodeIgniter->handleRequest(NULL, Object(Config\Cache), false)
#11 D:\xampp\htdocs\AGB\index.php(55): CodeIgniter\CodeIgniter->run()
#12 {main}
CRITICAL - 2023-02-27 09:32:16 --> Table 'agb_ausleihen_db.leiht' doesn't exist in engine
in SYSTEMPATH\Database\MySQLi\Connection.php on line 292.
 1 SYSTEMPATH\Database\MySQLi\Connection.php(292): mysqli->query('SELECT *
FROM `leiht`
WHERE `aktiv` = \'1\'', 0)
 2 SYSTEMPATH\Database\BaseConnection.php(666): CodeIgniter\Database\MySQLi\Connection->execute('SELECT *
FROM `leiht`
WHERE `aktiv` = \'1\'')
 3 SYSTEMPATH\Database\BaseConnection.php(593): CodeIgniter\Database\BaseConnection->simpleQuery('SELECT *
FROM `leiht`
WHERE `aktiv` = \'1\'')
 4 SYSTEMPATH\Database\BaseBuilder.php(1585): CodeIgniter\Database\BaseConnection->query('SELECT *
FROM `leiht`
WHERE `aktiv` = :aktiv:', [...], false)
 5 SYSTEMPATH\Model.php(223): CodeIgniter\Database\BaseBuilder->get()
 6 SYSTEMPATH\BaseModel.php(585): CodeIgniter\Model->doFindAll(0, 0)
 7 APPPATH\Libraries\LeihtHelper.php(116): CodeIgniter\BaseModel->findAll()
 8 APPPATH\Controllers\Home.php(22): App\Libraries\LeihtHelper::getUeberfaellig()
 9 SYSTEMPATH\CodeIgniter.php(927): App\Controllers\Home->index()
10 SYSTEMPATH\CodeIgniter.php(482): CodeIgniter\CodeIgniter->runController(Object(App\Controllers\Home))
11 SYSTEMPATH\CodeIgniter.php(351): CodeIgniter\CodeIgniter->handleRequest(null, Object(Config\Cache), false)
12 FCPATH\index.php(55): CodeIgniter\CodeIgniter->run()
CRITICAL - 2023-02-27 09:40:10 --> Undefined variable $verlauf
in APPPATH\Views\Schueler\schuelerAnzeigen.php on line 95.
 1 APPPATH\Views\Schueler\schuelerAnzeigen.php(95): CodeIgniter\Debug\Exceptions->errorHandler(2, 'Undefined variable $verlauf', 'APPPATH\\Views\\Schueler\\schuelerAnzeigen.php', 95)
 2 SYSTEMPATH\View\View.php(213): include('APPPATH\\Views\\Schueler\\schuelerAnzeigen.php')
 3 SYSTEMPATH\View\View.php(216): CodeIgniter\View\View->CodeIgniter\View\{closure}()
 4 SYSTEMPATH\Common.php(1134): CodeIgniter\View\View->render('Schueler/schuelerAnzeigen', [], true)
 5 APPPATH\Controllers\Schueler.php(71): view('Schueler/schuelerAnzeigen', [...])
 6 SYSTEMPATH\CodeIgniter.php(927): App\Controllers\Schueler->schuelerAnzeigen('AG213')
 7 SYSTEMPATH\CodeIgniter.php(482): CodeIgniter\CodeIgniter->runController(Object(App\Controllers\Schueler))
 8 SYSTEMPATH\CodeIgniter.php(351): CodeIgniter\CodeIgniter->handleRequest(null, Object(Config\Cache), false)
 9 FCPATH\index.php(67): CodeIgniter\CodeIgniter->run()
CRITICAL - 2023-02-27 09:40:31 --> Undefined array key "gegenstand_bezeichnung"
in APPPATH\Views\Schueler\schuelerAnzeigen.php on line 111.
 1 APPPATH\Views\Schueler\schuelerAnzeigen.php(111): CodeIgniter\Debug\Exceptions->errorHandler(2, 'Undefined array key "gegenstand_bezeichnung"', 'APPPATH\\Views\\Schueler\\schuelerAnzeigen.php', 111)
 2 SYSTEMPATH\View\View.php(213): include('APPPATH\\Views\\Schueler\\schuelerAnzeigen.php')
 3 SYSTEMPATH\View\View.php(216): CodeIgniter\View\View->CodeIgniter\View\{closure}()
 4 SYSTEMPATH\Common.php(1134): CodeIgniter\View\View->render('Schueler/schuelerAnzeigen', [], true)
 5 APPPATH\Controllers\Schueler.php(72): view('Schueler/schuelerAnzeigen', [...])
 6 SYSTEMPATH\CodeIgniter.php(927): App\Controllers\Schueler->schuelerAnzeigen('AG213')
 7 SYSTEMPATH\CodeIgniter.php(482): CodeIgniter\CodeIgniter->runController(Object(App\Controllers\Schueler))
 8 SYSTEMPATH\CodeIgniter.php(351): CodeIgniter\CodeIgniter->handleRequest(null, Object(Config\Cache), false)
 9 FCPATH\index.php(67): CodeIgniter\CodeIgniter->run()
CRITICAL - 2023-02-27 09:42:12 --> Class "App\Controllers\GegnstandHelper" not found
in APPPATH\Controllers\Schueler.php on line 71.
 1 SYSTEMPATH\CodeIgniter.php(927): App\Controllers\Schueler->schuelerAnzeigen('AG213')
 2 SYSTEMPATH\CodeIgniter.php(482): CodeIgniter\CodeIgniter->runController(Object(App\Controllers\Schueler))
 3 SYSTEMPATH\CodeIgniter.php(351): CodeIgniter\CodeIgniter->handleRequest(null, Object(Config\Cache), false)
 4 FCPATH\index.php(67): CodeIgniter\CodeIgniter->run()
CRITICAL - 2023-02-27 09:54:51 --> Undefined variable $aktiveLeihgaben
in APPPATH\Controllers\Schueler.php on line 61.
 1 APPPATH\Controllers\Schueler.php(61): CodeIgniter\Debug\Exceptions->errorHandler(2, 'Undefined variable $aktiveLeihgaben', 'APPPATH\\Controllers\\Schueler.php', 61)
 2 SYSTEMPATH\CodeIgniter.php(927): App\Controllers\Schueler->schuelerAnzeigen('AGa')
 3 SYSTEMPATH\CodeIgniter.php(482): CodeIgniter\CodeIgniter->runController(Object(App\Controllers\Schueler))
 4 SYSTEMPATH\CodeIgniter.php(351): CodeIgniter\CodeIgniter->handleRequest(null, Object(Config\Cache), false)
 5 FCPATH\index.php(67): CodeIgniter\CodeIgniter->run()
CRITICAL - 2023-02-27 09:55:17 --> Undefined variable $aktiveLeihgaben
in APPPATH\Controllers\Schueler.php on line 61.
 1 APPPATH\Controllers\Schueler.php(61): CodeIgniter\Debug\Exceptions->errorHandler(2, 'Undefined variable $aktiveLeihgaben', 'APPPATH\\Controllers\\Schueler.php', 61)
 2 SYSTEMPATH\CodeIgniter.php(927): App\Controllers\Schueler->schuelerAnzeigen('AGa')
 3 SYSTEMPATH\CodeIgniter.php(482): CodeIgniter\CodeIgniter->runController(Object(App\Controllers\Schueler))
 4 SYSTEMPATH\CodeIgniter.php(351): CodeIgniter\CodeIgniter->handleRequest(null, Object(Config\Cache), false)
 5 FCPATH\index.php(67): CodeIgniter\CodeIgniter->run()
CRITICAL - 2023-02-27 09:55:18 --> Undefined variable $aktiveLeihgaben
in APPPATH\Controllers\Schueler.php on line 61.
 1 APPPATH\Controllers\Schueler.php(61): CodeIgniter\Debug\Exceptions->errorHandler(2, 'Undefined variable $aktiveLeihgaben', 'APPPATH\\Controllers\\Schueler.php', 61)
 2 SYSTEMPATH\CodeIgniter.php(927): App\Controllers\Schueler->schuelerAnzeigen('AGa')
 3 SYSTEMPATH\CodeIgniter.php(482): CodeIgniter\CodeIgniter->runController(Object(App\Controllers\Schueler))
 4 SYSTEMPATH\CodeIgniter.php(351): CodeIgniter\CodeIgniter->handleRequest(null, Object(Config\Cache), false)
 5 FCPATH\index.php(67): CodeIgniter\CodeIgniter->run()
CRITICAL - 2023-02-27 10:24:30 --> Undefined variable $schuelerId
in APPPATH\Controllers\Schueler.php on line 157.
 1 APPPATH\Controllers\Schueler.php(157): CodeIgniter\Debug\Exceptions->errorHandler(2, 'Undefined variable $schuelerId', 'APPPATH\\Controllers\\Schueler.php', 157)
 2 SYSTEMPATH\CodeIgniter.php(927): App\Controllers\Schueler->tempSchuelerHinzufuegen()
 3 SYSTEMPATH\CodeIgniter.php(482): CodeIgniter\CodeIgniter->runController(Object(App\Controllers\Schueler))
 4 SYSTEMPATH\CodeIgniter.php(351): CodeIgniter\CodeIgniter->handleRequest(null, Object(Config\Cache), false)
 5 FCPATH\index.php(67): CodeIgniter\CodeIgniter->run()
CRITICAL - 2023-02-27 10:24:42 --> Invalid file: Schueler/tempSchuelerHinzufuegen.php
in SYSTEMPATH\Exceptions\FrameworkException.php on line 33.
 1 SYSTEMPATH\View\View.php(201): CodeIgniter\Exceptions\FrameworkException::forInvalidFile('Schueler/tempSchuelerHinzufuegen.php')
 2 SYSTEMPATH\Common.php(1134): CodeIgniter\View\View->render('Schueler/tempSchuelerHinzufuegen', [], true)
 3 APPPATH\Controllers\Schueler.php(165): view('Schueler/tempSchuelerHinzufuegen', [...])
 4 SYSTEMPATH\CodeIgniter.php(927): App\Controllers\Schueler->tempSchuelerHinzufuegen()
 5 SYSTEMPATH\CodeIgniter.php(482): CodeIgniter\CodeIgniter->runController(Object(App\Controllers\Schueler))
 6 SYSTEMPATH\CodeIgniter.php(351): CodeIgniter\CodeIgniter->handleRequest(null, Object(Config\Cache), false)
 7 FCPATH\index.php(67): CodeIgniter\CodeIgniter->run()
CRITICAL - 2023-02-27 10:25:00 --> Undefined variable $schuelerId
in APPPATH\Views\Schueler\tempSchuelerHinzufuegen.php on line 29.
 1 APPPATH\Views\Schueler\tempSchuelerHinzufuegen.php(29): CodeIgniter\Debug\Exceptions->errorHandler(2, 'Undefined variable $schuelerId', 'APPPATH\\Views\\Schueler\\tempSchuelerHinzufuegen.php', 29)
 2 SYSTEMPATH\View\View.php(213): include('APPPATH\\Views\\Schueler\\tempSchuelerHinzufuegen.php')
 3 SYSTEMPATH\View\View.php(216): CodeIgniter\View\View->CodeIgniter\View\{closure}()
 4 SYSTEMPATH\Common.php(1134): CodeIgniter\View\View->render('Schueler/tempSchuelerHinzufuegen', [], true)
 5 APPPATH\Controllers\Schueler.php(165): view('Schueler/tempSchuelerHinzufuegen', [...])
 6 SYSTEMPATH\CodeIgniter.php(927): App\Controllers\Schueler->tempSchuelerHinzufuegen()
 7 SYSTEMPATH\CodeIgniter.php(482): CodeIgniter\CodeIgniter->runController(Object(App\Controllers\Schueler))
 8 SYSTEMPATH\CodeIgniter.php(351): CodeIgniter\CodeIgniter->handleRequest(null, Object(Config\Cache), false)
 9 FCPATH\index.php(67): CodeIgniter\CodeIgniter->run()
CRITICAL - 2023-02-27 10:30:02 --> Undefined variable $schuelerId
in APPPATH\Views\Schueler\tempSchuelerHinzufuegen.php on line 26.
 1 APPPATH\Views\Schueler\tempSchuelerHinzufuegen.php(26): CodeIgniter\Debug\Exceptions->errorHandler(2, 'Undefined variable $schuelerId', 'APPPATH\\Views\\Schueler\\tempSchuelerHinzufuegen.php', 26)
 2 SYSTEMPATH\View\View.php(213): include('APPPATH\\Views\\Schueler\\tempSchuelerHinzufuegen.php')
 3 SYSTEMPATH\View\View.php(216): CodeIgniter\View\View->CodeIgniter\View\{closure}()
 4 SYSTEMPATH\Common.php(1134): CodeIgniter\View\View->render('Schueler/tempSchuelerHinzufuegen', [], true)
 5 APPPATH\Controllers\Schueler.php(165): view('Schueler/tempSchuelerHinzufuegen', [...])
 6 SYSTEMPATH\CodeIgniter.php(927): App\Controllers\Schueler->tempSchuelerHinzufuegen()
 7 SYSTEMPATH\CodeIgniter.php(482): CodeIgniter\CodeIgniter->runController(Object(App\Controllers\Schueler))
 8 SYSTEMPATH\CodeIgniter.php(351): CodeIgniter\CodeIgniter->handleRequest(null, Object(Config\Cache), false)
 9 FCPATH\index.php(67): CodeIgniter\CodeIgniter->run()
CRITICAL - 2023-02-27 10:48:12 --> Undefined array key "id"
in APPPATH\Controllers\Schueler.php on line 60.
 1 APPPATH\Controllers\Schueler.php(60): CodeIgniter\Debug\Exceptions->errorHandler(2, 'Undefined array key "id"', 'APPPATH\\Controllers\\Schueler.php', 60)
 2 SYSTEMPATH\CodeIgniter.php(927): App\Controllers\Schueler->schuelerAnzeigen('AG63fc7b4bba3e4TEMP')
 3 SYSTEMPATH\CodeIgniter.php(482): CodeIgniter\CodeIgniter->runController(Object(App\Controllers\Schueler))
 4 SYSTEMPATH\CodeIgniter.php(351): CodeIgniter\CodeIgniter->handleRequest(null, Object(Config\Cache), false)
 5 FCPATH\index.php(67): CodeIgniter\CodeIgniter->run()
CRITICAL - 2023-02-27 10:50:24 --> syntax error, unexpected token "}", expecting "," or ";"
in APPPATH\Views\Schueler\schuelerAnzeigen.php on line 35.
 1 SYSTEMPATH\View\View.php(216): CodeIgniter\View\View->CodeIgniter\View\{closure}()
 2 SYSTEMPATH\Common.php(1134): CodeIgniter\View\View->render('Schueler/schuelerAnzeigen', [], true)
 3 APPPATH\Controllers\Schueler.php(83): view('Schueler/schuelerAnzeigen', [...])
 4 SYSTEMPATH\CodeIgniter.php(927): App\Controllers\Schueler->schuelerAnzeigen('AG63fc7b4bba3e4TEMP')
 5 SYSTEMPATH\CodeIgniter.php(482): CodeIgniter\CodeIgniter->runController(Object(App\Controllers\Schueler))
 6 SYSTEMPATH\CodeIgniter.php(351): CodeIgniter\CodeIgniter->handleRequest(null, Object(Config\Cache), false)
 7 FCPATH\index.php(67): CodeIgniter\CodeIgniter->run()
