CRITICAL - 2023-03-04 13:46:43 --> Undefined variable $message
in APPPATH\Views\errors\html\error_404.php on line 77.
 1 APPPATH\Views\errors\html\error_404.php(77): CodeIgniter\Debug\Exceptions->errorHandler(2, 'Undefined variable $message', 'APPPATH\\Views\\errors\\html\\error_404.php', 77)
 2 SYSTEMPATH\View\View.php(213): include('APPPATH\\Views\\errors\\html\\error_404.php')
 3 SYSTEMPATH\View\View.php(216): CodeIgniter\View\View->CodeIgniter\View\{closure}()
 4 SYSTEMPATH\Common.php(1134): CodeIgniter\View\View->render('errors/html/error_404', [], true)
 5 APPPATH\Controllers\Schueler.php(41): view('errors/html/error_404')
 6 SYSTEMPATH\CodeIgniter.php(927): App\Controllers\Schueler->schuelerAnzeigen('AG63fc7b4bba3e4TEMP')
 7 SYSTEMPATH\CodeIgniter.php(482): CodeIgniter\CodeIgniter->runController(Object(App\Controllers\Schueler))
 8 SYSTEMPATH\CodeIgniter.php(351): CodeIgniter\CodeIgniter->handleRequest(null, Object(Config\Cache), false)
 9 FCPATH\index.php(67): CodeIgniter\CodeIgniter->run()
CRITICAL - 2023-03-04 14:24:58 --> Undefined array key "id"
in APPPATH\Views\Gegenstand\gegenstandAnzeigen.php on line 61.
 1 APPPATH\Views\Gegenstand\gegenstandAnzeigen.php(61): CodeIgniter\Debug\Exceptions->errorHandler(2, 'Undefined array key "id"', 'APPPATH\\Views\\Gegenstand\\gegenstandAnzeigen.php', 61)
 2 SYSTEMPATH\View\View.php(213): include('APPPATH\\Views\\Gegenstand\\gegenstandAnzeigen.php')
 3 SYSTEMPATH\View\View.php(216): CodeIgniter\View\View->CodeIgniter\View\{closure}()
 4 SYSTEMPATH\Common.php(1134): CodeIgniter\View\View->render('Gegenstand/gegenstandAnzeigen', [], true)
 5 APPPATH\Controllers\Gegenstand.php(114): view('Gegenstand/gegenstandAnzeigen', [...])
 6 SYSTEMPATH\CodeIgniter.php(927): App\Controllers\Gegenstand->gegenstandAnzeigen('GEabc')
 7 SYSTEMPATH\CodeIgniter.php(482): CodeIgniter\CodeIgniter->runController(Object(App\Controllers\Gegenstand))
 8 SYSTEMPATH\CodeIgniter.php(351): CodeIgniter\CodeIgniter->handleRequest(null, Object(Config\Cache), false)
 9 FCPATH\index.php(67): CodeIgniter\CodeIgniter->run()
CRITICAL - 2023-03-04 14:26:22 --> Invalid file: Gegenstand/barcodeBearbeiten.php
in SYSTEMPATH\Exceptions\FrameworkException.php on line 33.
 1 SYSTEMPATH\View\View.php(201): CodeIgniter\Exceptions\FrameworkException::forInvalidFile('Gegenstand/barcodeBearbeiten.php')
 2 SYSTEMPATH\Common.php(1134): CodeIgniter\View\View->render('Gegenstand/barcodeBearbeiten', [], true)
 3 APPPATH\Controllers\Gegenstand.php(119): view('Gegenstand/barcodeBearbeiten')
 4 SYSTEMPATH\CodeIgniter.php(927): App\Controllers\Gegenstand->barcodeBearbeiten('GEabc', 'ROOTPATH\\public')
 5 SYSTEMPATH\CodeIgniter.php(482): CodeIgniter\CodeIgniter->runController(Object(App\Controllers\Gegenstand))
 6 SYSTEMPATH\CodeIgniter.php(351): CodeIgniter\CodeIgniter->handleRequest(null, Object(Config\Cache), false)
 7 FCPATH\index.php(67): CodeIgniter\CodeIgniter->run()
CRITICAL - 2023-03-04 14:26:55 --> Undefined variable $page_title
in APPPATH\Views\Gegenstand\barcodeBearbeiten.php on line 3.
 1 APPPATH\Views\Gegenstand\barcodeBearbeiten.php(3): CodeIgniter\Debug\Exceptions->errorHandler(2, 'Undefined variable $page_title', 'APPPATH\\Views\\Gegenstand\\barcodeBearbeiten.php', 3)
 2 SYSTEMPATH\View\View.php(213): include('APPPATH\\Views\\Gegenstand\\barcodeBearbeiten.php')
 3 SYSTEMPATH\View\View.php(216): CodeIgniter\View\View->CodeIgniter\View\{closure}()
 4 SYSTEMPATH\Common.php(1134): CodeIgniter\View\View->render('Gegenstand/barcodeBearbeiten', [], true)
 5 APPPATH\Controllers\Gegenstand.php(119): view('Gegenstand/barcodeBearbeiten')
 6 SYSTEMPATH\CodeIgniter.php(927): App\Controllers\Gegenstand->barcodeBearbeiten('GEabc', 'ROOTPATH\\public')
 7 SYSTEMPATH\CodeIgniter.php(482): CodeIgniter\CodeIgniter->runController(Object(App\Controllers\Gegenstand))
 8 SYSTEMPATH\CodeIgniter.php(351): CodeIgniter\CodeIgniter->handleRequest(null, Object(Config\Cache), false)
 9 FCPATH\index.php(67): CodeIgniter\CodeIgniter->run()
CRITICAL - 2023-03-04 14:27:02 --> Undefined variable $page_title
in APPPATH\Views\Gegenstand\barcodeBearbeiten.php on line 3.
 1 APPPATH\Views\Gegenstand\barcodeBearbeiten.php(3): CodeIgniter\Debug\Exceptions->errorHandler(2, 'Undefined variable $page_title', 'APPPATH\\Views\\Gegenstand\\barcodeBearbeiten.php', 3)
 2 SYSTEMPATH\View\View.php(213): include('APPPATH\\Views\\Gegenstand\\barcodeBearbeiten.php')
 3 SYSTEMPATH\View\View.php(216): CodeIgniter\View\View->CodeIgniter\View\{closure}()
 4 SYSTEMPATH\Common.php(1134): CodeIgniter\View\View->render('Gegenstand/barcodeBearbeiten', [], true)
 5 APPPATH\Controllers\Gegenstand.php(119): view('Gegenstand/barcodeBearbeiten')
 6 SYSTEMPATH\CodeIgniter.php(927): App\Controllers\Gegenstand->barcodeBearbeiten('GEabc', 'ROOTPATH\\public')
 7 SYSTEMPATH\CodeIgniter.php(482): CodeIgniter\CodeIgniter->runController(Object(App\Controllers\Gegenstand))
 8 SYSTEMPATH\CodeIgniter.php(351): CodeIgniter\CodeIgniter->handleRequest(null, Object(Config\Cache), false)
 9 FCPATH\index.php(67): CodeIgniter\CodeIgniter->run()
CRITICAL - 2023-03-04 14:29:46 --> Undefined variable $page_title
in APPPATH\Views\Gegenstand\barcodeBearbeiten.php on line 3.
 1 APPPATH\Views\Gegenstand\barcodeBearbeiten.php(3): CodeIgniter\Debug\Exceptions->errorHandler(2, 'Undefined variable $page_title', 'APPPATH\\Views\\Gegenstand\\barcodeBearbeiten.php', 3)
 2 SYSTEMPATH\View\View.php(213): include('APPPATH\\Views\\Gegenstand\\barcodeBearbeiten.php')
 3 SYSTEMPATH\View\View.php(216): CodeIgniter\View\View->CodeIgniter\View\{closure}()
 4 SYSTEMPATH\Common.php(1134): CodeIgniter\View\View->render('Gegenstand/barcodeBearbeiten', [], true)
 5 APPPATH\Controllers\Gegenstand.php(119): view('Gegenstand/barcodeBearbeiten')
 6 SYSTEMPATH\CodeIgniter.php(927): App\Controllers\Gegenstand->barcodeBearbeiten('GEasdf', 'ROOTPATH\\public')
 7 SYSTEMPATH\CodeIgniter.php(482): CodeIgniter\CodeIgniter->runController(Object(App\Controllers\Gegenstand))
 8 SYSTEMPATH\CodeIgniter.php(351): CodeIgniter\CodeIgniter->handleRequest(null, Object(Config\Cache), false)
 9 FCPATH\index.php(67): CodeIgniter\CodeIgniter->run()
CRITICAL - 2023-03-04 14:33:39 --> Undefined variable $page_title
in APPPATH\Views\Gegenstand\barcodeBearbeiten.php on line 3.
 1 APPPATH\Views\Gegenstand\barcodeBearbeiten.php(3): CodeIgniter\Debug\Exceptions->errorHandler(2, 'Undefined variable $page_title', 'APPPATH\\Views\\Gegenstand\\barcodeBearbeiten.php', 3)
 2 SYSTEMPATH\View\View.php(213): include('APPPATH\\Views\\Gegenstand\\barcodeBearbeiten.php')
 3 SYSTEMPATH\View\View.php(216): CodeIgniter\View\View->CodeIgniter\View\{closure}()
 4 SYSTEMPATH\Common.php(1134): CodeIgniter\View\View->render('Gegenstand/barcodeBearbeiten', [], true)
 5 APPPATH\Controllers\Gegenstand.php(166): view('Gegenstand/barcodeBearbeiten')
 6 SYSTEMPATH\CodeIgniter.php(927): App\Controllers\Gegenstand->barcodeBearbeiten('GEasdf', 'ROOTPATH\\public')
 7 SYSTEMPATH\CodeIgniter.php(482): CodeIgniter\CodeIgniter->runController(Object(App\Controllers\Gegenstand))
 8 SYSTEMPATH\CodeIgniter.php(351): CodeIgniter\CodeIgniter->handleRequest(null, Object(Config\Cache), false)
 9 FCPATH\index.php(67): CodeIgniter\CodeIgniter->run()
CRITICAL - 2023-03-04 14:35:27 --> Undefined variable $page_title
in APPPATH\Views\Gegenstand\barcodeBearbeiten.php on line 3.
 1 APPPATH\Views\Gegenstand\barcodeBearbeiten.php(3): CodeIgniter\Debug\Exceptions->errorHandler(2, 'Undefined variable $page_title', 'APPPATH\\Views\\Gegenstand\\barcodeBearbeiten.php', 3)
 2 SYSTEMPATH\View\View.php(213): include('APPPATH\\Views\\Gegenstand\\barcodeBearbeiten.php')
 3 SYSTEMPATH\View\View.php(216): CodeIgniter\View\View->CodeIgniter\View\{closure}()
 4 SYSTEMPATH\Common.php(1134): CodeIgniter\View\View->render('Gegenstand/barcodeBearbeiten', [], true)
 5 APPPATH\Controllers\Gegenstand.php(166): view('Gegenstand/barcodeBearbeiten')
 6 SYSTEMPATH\CodeIgniter.php(927): App\Controllers\Gegenstand->barcodeBearbeiten('GEasdf', 'ROOTPATH\\public')
 7 SYSTEMPATH\CodeIgniter.php(482): CodeIgniter\CodeIgniter->runController(Object(App\Controllers\Gegenstand))
 8 SYSTEMPATH\CodeIgniter.php(351): CodeIgniter\CodeIgniter->handleRequest(null, Object(Config\Cache), false)
 9 FCPATH\index.php(67): CodeIgniter\CodeIgniter->run()
CRITICAL - 2023-03-04 14:35:39 --> Undefined variable $page_title
in APPPATH\Views\Gegenstand\barcodeBearbeiten.php on line 3.
 1 APPPATH\Views\Gegenstand\barcodeBearbeiten.php(3): CodeIgniter\Debug\Exceptions->errorHandler(2, 'Undefined variable $page_title', 'APPPATH\\Views\\Gegenstand\\barcodeBearbeiten.php', 3)
 2 SYSTEMPATH\View\View.php(213): include('APPPATH\\Views\\Gegenstand\\barcodeBearbeiten.php')
 3 SYSTEMPATH\View\View.php(216): CodeIgniter\View\View->CodeIgniter\View\{closure}()
 4 SYSTEMPATH\Common.php(1134): CodeIgniter\View\View->render('Gegenstand/barcodeBearbeiten', [], true)
 5 APPPATH\Controllers\Gegenstand.php(166): view('Gegenstand/barcodeBearbeiten')
 6 SYSTEMPATH\CodeIgniter.php(927): App\Controllers\Gegenstand->barcodeBearbeiten('GEasdf', 'ROOTPATH\\public')
 7 SYSTEMPATH\CodeIgniter.php(482): CodeIgniter\CodeIgniter->runController(Object(App\Controllers\Gegenstand))
 8 SYSTEMPATH\CodeIgniter.php(351): CodeIgniter\CodeIgniter->handleRequest(null, Object(Config\Cache), false)
 9 FCPATH\index.php(67): CodeIgniter\CodeIgniter->run()
CRITICAL - 2023-03-04 14:37:22 --> Undefined variable $page_title
in APPPATH\Views\Gegenstand\barcodeBearbeiten.php on line 3.
 1 APPPATH\Views\Gegenstand\barcodeBearbeiten.php(3): CodeIgniter\Debug\Exceptions->errorHandler(2, 'Undefined variable $page_title', 'APPPATH\\Views\\Gegenstand\\barcodeBearbeiten.php', 3)
 2 SYSTEMPATH\View\View.php(213): include('APPPATH\\Views\\Gegenstand\\barcodeBearbeiten.php')
 3 SYSTEMPATH\View\View.php(216): CodeIgniter\View\View->CodeIgniter\View\{closure}()
 4 SYSTEMPATH\Common.php(1134): CodeIgniter\View\View->render('Gegenstand/barcodeBearbeiten', [], true)
 5 APPPATH\Controllers\Gegenstand.php(166): view('Gegenstand/barcodeBearbeiten')
 6 SYSTEMPATH\CodeIgniter.php(927): App\Controllers\Gegenstand->barcodeBearbeiten('GEasdf', 'ROOTPATH\\public')
 7 SYSTEMPATH\CodeIgniter.php(482): CodeIgniter\CodeIgniter->runController(Object(App\Controllers\Gegenstand))
 8 SYSTEMPATH\CodeIgniter.php(351): CodeIgniter\CodeIgniter->handleRequest(null, Object(Config\Cache), false)
 9 FCPATH\index.php(67): CodeIgniter\CodeIgniter->run()
CRITICAL - 2023-03-04 14:37:51 --> Undefined variable $page_title
in APPPATH\Views\Gegenstand\barcodeBearbeiten.php on line 3.
 1 APPPATH\Views\Gegenstand\barcodeBearbeiten.php(3): CodeIgniter\Debug\Exceptions->errorHandler(2, 'Undefined variable $page_title', 'APPPATH\\Views\\Gegenstand\\barcodeBearbeiten.php', 3)
 2 SYSTEMPATH\View\View.php(213): include('APPPATH\\Views\\Gegenstand\\barcodeBearbeiten.php')
 3 SYSTEMPATH\View\View.php(216): CodeIgniter\View\View->CodeIgniter\View\{closure}()
 4 SYSTEMPATH\Common.php(1134): CodeIgniter\View\View->render('Gegenstand/barcodeBearbeiten', [], true)
 5 APPPATH\Controllers\Gegenstand.php(167): view('Gegenstand/barcodeBearbeiten')
 6 SYSTEMPATH\CodeIgniter.php(927): App\Controllers\Gegenstand->barcodeBearbeiten('GEasdf', 'ROOTPATH\\public')
 7 SYSTEMPATH\CodeIgniter.php(482): CodeIgniter\CodeIgniter->runController(Object(App\Controllers\Gegenstand))
 8 SYSTEMPATH\CodeIgniter.php(351): CodeIgniter\CodeIgniter->handleRequest(null, Object(Config\Cache), false)
 9 FCPATH\index.php(67): CodeIgniter\CodeIgniter->run()
CRITICAL - 2023-03-04 14:38:08 --> Undefined variable $page_title
in APPPATH\Views\Gegenstand\barcodeBearbeiten.php on line 3.
 1 APPPATH\Views\Gegenstand\barcodeBearbeiten.php(3): CodeIgniter\Debug\Exceptions->errorHandler(2, 'Undefined variable $page_title', 'APPPATH\\Views\\Gegenstand\\barcodeBearbeiten.php', 3)
 2 SYSTEMPATH\View\View.php(213): include('APPPATH\\Views\\Gegenstand\\barcodeBearbeiten.php')
 3 SYSTEMPATH\View\View.php(216): CodeIgniter\View\View->CodeIgniter\View\{closure}()
 4 SYSTEMPATH\Common.php(1134): CodeIgniter\View\View->render('Gegenstand/barcodeBearbeiten', [], true)
 5 APPPATH\Controllers\Gegenstand.php(131): view('Gegenstand/barcodeBearbeiten')
 6 SYSTEMPATH\CodeIgniter.php(927): App\Controllers\Gegenstand->barcodeBearbeiten('GEasdf', 'ROOTPATH\\public')
 7 SYSTEMPATH\CodeIgniter.php(482): CodeIgniter\CodeIgniter->runController(Object(App\Controllers\Gegenstand))
 8 SYSTEMPATH\CodeIgniter.php(351): CodeIgniter\CodeIgniter->handleRequest(null, Object(Config\Cache), false)
 9 FCPATH\index.php(67): CodeIgniter\CodeIgniter->run()
CRITICAL - 2023-03-04 14:38:09 --> Undefined variable $page_title
in APPPATH\Views\Gegenstand\barcodeBearbeiten.php on line 3.
 1 APPPATH\Views\Gegenstand\barcodeBearbeiten.php(3): CodeIgniter\Debug\Exceptions->errorHandler(2, 'Undefined variable $page_title', 'APPPATH\\Views\\Gegenstand\\barcodeBearbeiten.php', 3)
 2 SYSTEMPATH\View\View.php(213): include('APPPATH\\Views\\Gegenstand\\barcodeBearbeiten.php')
 3 SYSTEMPATH\View\View.php(216): CodeIgniter\View\View->CodeIgniter\View\{closure}()
 4 SYSTEMPATH\Common.php(1134): CodeIgniter\View\View->render('Gegenstand/barcodeBearbeiten', [], true)
 5 APPPATH\Controllers\Gegenstand.php(131): view('Gegenstand/barcodeBearbeiten')
 6 SYSTEMPATH\CodeIgniter.php(927): App\Controllers\Gegenstand->barcodeBearbeiten('GEasdf', 'ROOTPATH\\public')
 7 SYSTEMPATH\CodeIgniter.php(482): CodeIgniter\CodeIgniter->runController(Object(App\Controllers\Gegenstand))
 8 SYSTEMPATH\CodeIgniter.php(351): CodeIgniter\CodeIgniter->handleRequest(null, Object(Config\Cache), false)
 9 FCPATH\index.php(67): CodeIgniter\CodeIgniter->run()
CRITICAL - 2023-03-04 14:38:25 --> Undefined variable $page_title
in APPPATH\Views\Gegenstand\barcodeBearbeiten.php on line 3.
 1 APPPATH\Views\Gegenstand\barcodeBearbeiten.php(3): CodeIgniter\Debug\Exceptions->errorHandler(2, 'Undefined variable $page_title', 'APPPATH\\Views\\Gegenstand\\barcodeBearbeiten.php', 3)
 2 SYSTEMPATH\View\View.php(213): include('APPPATH\\Views\\Gegenstand\\barcodeBearbeiten.php')
 3 SYSTEMPATH\View\View.php(216): CodeIgniter\View\View->CodeIgniter\View\{closure}()
 4 SYSTEMPATH\Common.php(1134): CodeIgniter\View\View->render('Gegenstand/barcodeBearbeiten', [], true)
 5 APPPATH\Controllers\Gegenstand.php(131): view('Gegenstand/barcodeBearbeiten')
 6 SYSTEMPATH\CodeIgniter.php(927): App\Controllers\Gegenstand->barcodeBearbeiten('GEasdf', 'ROOTPATH\\public')
 7 SYSTEMPATH\CodeIgniter.php(482): CodeIgniter\CodeIgniter->runController(Object(App\Controllers\Gegenstand))
 8 SYSTEMPATH\CodeIgniter.php(351): CodeIgniter\CodeIgniter->handleRequest(null, Object(Config\Cache), false)
 9 FCPATH\index.php(67): CodeIgniter\CodeIgniter->run()
CRITICAL - 2023-03-04 14:39:09 --> There is no data to update.
in SYSTEMPATH\BaseModel.php on line 867.
 1 SYSTEMPATH\BaseModel.php(867): CodeIgniter\Database\Exceptions\DataException::forEmptyDataset('update')
 2 SYSTEMPATH\Model.php(693): CodeIgniter\BaseModel->update([...], [])
 3 APPPATH\Libraries\LeihtHelper.php(110): CodeIgniter\Model->update('52', [...])
 4 APPPATH\Controllers\Gegenstand.php(158): App\Libraries\LeihtHelper::setGegenstandId('52', 'GEAb')
 5 SYSTEMPATH\CodeIgniter.php(927): App\Controllers\Gegenstand->barcodeBearbeiten('GEasdf', 'GEAb', 'ROOTPATH\\public')
 6 SYSTEMPATH\CodeIgniter.php(482): CodeIgniter\CodeIgniter->runController(Object(App\Controllers\Gegenstand))
 7 SYSTEMPATH\CodeIgniter.php(351): CodeIgniter\CodeIgniter->handleRequest(null, Object(Config\Cache), false)
 8 FCPATH\index.php(67): CodeIgniter\CodeIgniter->run()
CRITICAL - 2023-03-04 16:33:32 --> Invalid file: Schueler/schuelerScannen.php
in SYSTEMPATH\Exceptions\FrameworkException.php on line 33.
 1 SYSTEMPATH\View\View.php(201): CodeIgniter\Exceptions\FrameworkException::forInvalidFile('Schueler/schuelerScannen.php')
 2 SYSTEMPATH\Common.php(1134): CodeIgniter\View\View->render('Schueler/schuelerScannen', [], true)
 3 APPPATH\Controllers\Schueler.php(91): view('Schueler/schuelerScannen', [...])
 4 SYSTEMPATH\CodeIgniter.php(927): App\Controllers\Schueler->schuelerScannen()
 5 SYSTEMPATH\CodeIgniter.php(482): CodeIgniter\CodeIgniter->runController(Object(App\Controllers\Schueler))
 6 SYSTEMPATH\CodeIgniter.php(351): CodeIgniter\CodeIgniter->handleRequest(null, Object(Config\Cache), false)
 7 FCPATH\index.php(67): CodeIgniter\CodeIgniter->run()
CRITICAL - 2023-03-04 16:33:51 --> Undefined variable $schuelerId
in APPPATH\Views\Schueler\schuelerScannen.php on line 71.
 1 APPPATH\Views\Schueler\schuelerScannen.php(71): CodeIgniter\Debug\Exceptions->errorHandler(2, 'Undefined variable $schuelerId', 'APPPATH\\Views\\Schueler\\schuelerScannen.php', 71)
 2 SYSTEMPATH\View\View.php(213): include('APPPATH\\Views\\Schueler\\schuelerScannen.php')
 3 SYSTEMPATH\View\View.php(216): CodeIgniter\View\View->CodeIgniter\View\{closure}()
 4 SYSTEMPATH\Common.php(1134): CodeIgniter\View\View->render('Schueler/schuelerScannen', [], true)
 5 APPPATH\Controllers\Schueler.php(91): view('Schueler/schuelerScannen', [...])
 6 SYSTEMPATH\CodeIgniter.php(927): App\Controllers\Schueler->schuelerScannen()
 7 SYSTEMPATH\CodeIgniter.php(482): CodeIgniter\CodeIgniter->runController(Object(App\Controllers\Schueler))
 8 SYSTEMPATH\CodeIgniter.php(351): CodeIgniter\CodeIgniter->handleRequest(null, Object(Config\Cache), false)
 9 FCPATH\index.php(67): CodeIgniter\CodeIgniter->run()
CRITICAL - 2023-03-04 16:36:19 --> Undefined variable $newId
in APPPATH\Views\Schueler\schuelerScannen.php on line 76.
 1 APPPATH\Views\Schueler\schuelerScannen.php(76): CodeIgniter\Debug\Exceptions->errorHandler(2, 'Undefined variable $newId', 'APPPATH\\Views\\Schueler\\schuelerScannen.php', 76)
 2 SYSTEMPATH\View\View.php(213): include('APPPATH\\Views\\Schueler\\schuelerScannen.php')
 3 SYSTEMPATH\View\View.php(216): CodeIgniter\View\View->CodeIgniter\View\{closure}()
 4 SYSTEMPATH\Common.php(1134): CodeIgniter\View\View->render('Schueler/schuelerScannen', [], true)
 5 APPPATH\Controllers\Schueler.php(91): view('Schueler/schuelerScannen', [...])
 6 SYSTEMPATH\CodeIgniter.php(927): App\Controllers\Schueler->schuelerScannen()
 7 SYSTEMPATH\CodeIgniter.php(482): CodeIgniter\CodeIgniter->runController(Object(App\Controllers\Schueler))
 8 SYSTEMPATH\CodeIgniter.php(351): CodeIgniter\CodeIgniter->handleRequest(null, Object(Config\Cache), false)
 9 FCPATH\index.php(67): CodeIgniter\CodeIgniter->run()
CRITICAL - 2023-03-04 16:40:00 --> Undefined variable $error
in APPPATH\Views\Schueler\schuelerScannen.php on line 119.
 1 APPPATH\Views\Schueler\schuelerScannen.php(119): CodeIgniter\Debug\Exceptions->errorHandler(2, 'Undefined variable $error', 'APPPATH\\Views\\Schueler\\schuelerScannen.php', 119)
 2 SYSTEMPATH\View\View.php(213): include('APPPATH\\Views\\Schueler\\schuelerScannen.php')
 3 SYSTEMPATH\View\View.php(216): CodeIgniter\View\View->CodeIgniter\View\{closure}()
 4 SYSTEMPATH\Common.php(1134): CodeIgniter\View\View->render('Schueler/schuelerScannen', [], true)
 5 APPPATH\Controllers\Schueler.php(103): view('Schueler/schuelerScannen', [...])
 6 SYSTEMPATH\CodeIgniter.php(927): App\Controllers\Schueler->schuelerScannen()
 7 SYSTEMPATH\CodeIgniter.php(482): CodeIgniter\CodeIgniter->runController(Object(App\Controllers\Schueler))
 8 SYSTEMPATH\CodeIgniter.php(351): CodeIgniter\CodeIgniter->handleRequest(null, Object(Config\Cache), false)
 9 FCPATH\index.php(67): CodeIgniter\CodeIgniter->run()
CRITICAL - 2023-03-04 16:41:04 --> Undefined variable $message
in APPPATH\Views\errors\html\error_404.php on line 77.
 1 APPPATH\Views\errors\html\error_404.php(77): CodeIgniter\Debug\Exceptions->errorHandler(2, 'Undefined variable $message', 'APPPATH\\Views\\errors\\html\\error_404.php', 77)
 2 SYSTEMPATH\View\View.php(213): include('APPPATH\\Views\\errors\\html\\error_404.php')
 3 SYSTEMPATH\View\View.php(216): CodeIgniter\View\View->CodeIgniter\View\{closure}()
 4 SYSTEMPATH\Common.php(1134): CodeIgniter\View\View->render('errors/html/error_404', [], true)
 5 APPPATH\Controllers\Schueler.php(41): view('errors/html/error_404')
 6 SYSTEMPATH\CodeIgniter.php(927): App\Controllers\Schueler->schuelerAnzeigen('a')
 7 SYSTEMPATH\CodeIgniter.php(482): CodeIgniter\CodeIgniter->runController(Object(App\Controllers\Schueler))
 8 SYSTEMPATH\CodeIgniter.php(351): CodeIgniter\CodeIgniter->handleRequest(null, Object(Config\Cache), false)
 9 FCPATH\index.php(67): CodeIgniter\CodeIgniter->run()
CRITICAL - 2023-03-04 16:43:11 --> Undefined variable $newId
in APPPATH\Controllers\Schueler.php on line 99.
 1 APPPATH\Controllers\Schueler.php(99): CodeIgniter\Debug\Exceptions->errorHandler(2, 'Undefined variable $newId', 'APPPATH\\Controllers\\Schueler.php', 99)
 2 SYSTEMPATH\CodeIgniter.php(927): App\Controllers\Schueler->schuelerScannen('a')
 3 SYSTEMPATH\CodeIgniter.php(482): CodeIgniter\CodeIgniter->runController(Object(App\Controllers\Schueler))
 4 SYSTEMPATH\CodeIgniter.php(351): CodeIgniter\CodeIgniter->handleRequest(null, Object(Config\Cache), false)
 5 FCPATH\index.php(67): CodeIgniter\CodeIgniter->run()
