CRITICAL - 2023-01-24 20:24:03 --> Call to undefined method CodeIgniter\Session\Session::removeFlashdata()
in APPPATH\Controllers\Gegenstand.php on line 45.
 1 SYSTEMPATH\CodeIgniter.php(927): App\Controllers\Gegenstand->gegenstandRegistrieren('GEasdd', 'ROOTPATH\\public')
 2 SYSTEMPATH\CodeIgniter.php(482): CodeIgniter\CodeIgniter->runController(Object(App\Controllers\Gegenstand))
 3 SYSTEMPATH\CodeIgniter.php(351): CodeIgniter\CodeIgniter->handleRequest(null, Object(Config\Cache), false)
 4 FCPATH\index.php(67): CodeIgniter\CodeIgniter->run()
CRITICAL - 2023-01-24 20:37:58 --> str_starts_with() expects exactly 2 arguments, 1 given
in APPPATH\Controllers\Gegenstand.php on line 34.
 1 APPPATH\Controllers\Gegenstand.php(34): str_starts_with('GE')
 2 SYSTEMPATH\CodeIgniter.php(927): App\Controllers\Gegenstand->gegenstandRegistrieren()
 3 SYSTEMPATH\CodeIgniter.php(482): CodeIgniter\CodeIgniter->runController(Object(App\Controllers\Gegenstand))
 4 SYSTEMPATH\CodeIgniter.php(351): CodeIgniter\CodeIgniter->handleRequest(null, Object(Config\Cache), false)
 5 FCPATH\index.php(67): CodeIgniter\CodeIgniter->run()
CRITICAL - 2023-01-24 20:38:20 --> Undefined variable $wrongprfix
in APPPATH\Views\Gegenstand\gegenstandRegistrieren.php on line 49.
 1 APPPATH\Views\Gegenstand\gegenstandRegistrieren.php(49): CodeIgniter\Debug\Exceptions->errorHandler(2, 'Undefined variable $wrongprfix', 'APPPATH\\Views\\Gegenstand\\gegenstandRegistrieren.php', 49)
 2 SYSTEMPATH\View\View.php(213): include('APPPATH\\Views\\Gegenstand\\gegenstandRegistrieren.php')
 3 SYSTEMPATH\View\View.php(216): CodeIgniter\View\View->CodeIgniter\View\{closure}()
 4 SYSTEMPATH\Common.php(1134): CodeIgniter\View\View->render('Gegenstand/gegenstandRegistrieren', [], true)
 5 APPPATH\Controllers\Gegenstand.php(63): view('Gegenstand/gegenstandRegistrieren', [...])
 6 SYSTEMPATH\CodeIgniter.php(927): App\Controllers\Gegenstand->gegenstandRegistrieren('asdrf', 'ROOTPATH\\public')
 7 SYSTEMPATH\CodeIgniter.php(482): CodeIgniter\CodeIgniter->runController(Object(App\Controllers\Gegenstand))
 8 SYSTEMPATH\CodeIgniter.php(351): CodeIgniter\CodeIgniter->handleRequest(null, Object(Config\Cache), false)
 9 FCPATH\index.php(67): CodeIgniter\CodeIgniter->run()
