CRITICAL - 2023-03-12 20:50:19 --> Undefined array key "formated_datum_end"
in APPPATH\Views\Leihgabe\alleLeihgaben.php on line 90.
 1 APPPATH\Views\Leihgabe\alleLeihgaben.php(90): CodeIgniter\Debug\Exceptions->errorHandler(2, 'Undefined array key "formated_datum_end"', 'APPPATH\\Views\\Leihgabe\\alleLeihgaben.php', 90)
 2 SYSTEMPATH\View\View.php(213): include('APPPATH\\Views\\Leihgabe\\alleLeihgaben.php')
 3 SYSTEMPATH\View\View.php(216): CodeIgniter\View\View->CodeIgniter\View\{closure}()
 4 SYSTEMPATH\Common.php(1134): CodeIgniter\View\View->render('Leihgabe/alleLeihgaben', [], true)
 5 APPPATH\Controllers\Leihgabe.php(235): view('Leihgabe/alleLeihgaben', [...])
 6 SYSTEMPATH\CodeIgniter.php(927): App\Controllers\Leihgabe->alleLeihgaben('filter')
 7 SYSTEMPATH\CodeIgniter.php(482): CodeIgniter\CodeIgniter->runController(Object(App\Controllers\Leihgabe))
 8 SYSTEMPATH\CodeIgniter.php(351): CodeIgniter\CodeIgniter->handleRequest(null, Object(Config\Cache), false)
 9 FCPATH\index.php(55): CodeIgniter\CodeIgniter->run()
CRITICAL - 2023-03-12 20:52:02 --> Undefined array key "datum_end"
in APPPATH\Controllers\Leihgabe.php on line 226.
 1 APPPATH\Controllers\Leihgabe.php(226): CodeIgniter\Debug\Exceptions->errorHandler(2, 'Undefined array key "datum_end"', 'APPPATH\\Controllers\\Leihgabe.php', 226)
 2 SYSTEMPATH\CodeIgniter.php(927): App\Controllers\Leihgabe->alleLeihgaben('filter')
 3 SYSTEMPATH\CodeIgniter.php(482): CodeIgniter\CodeIgniter->runController(Object(App\Controllers\Leihgabe))
 4 SYSTEMPATH\CodeIgniter.php(351): CodeIgniter\CodeIgniter->handleRequest(null, Object(Config\Cache), false)
 5 FCPATH\index.php(55): CodeIgniter\CodeIgniter->run()
CRITICAL - 2023-03-12 20:52:07 --> Undefined constant "CodeIgniter\Debug\VENDORPATH"
in SYSTEMPATH\Debug\Exceptions.php on line 177.
 1 SYSTEMPATH\Debug\Exceptions.php(157): CodeIgniter\Debug\Exceptions->isFakerDeprecationError(8192, 'date_create_from_format(): Passing null to parameter #2 ($datetime) of type string is deprecated', 'APPPATH\\Controllers\\Leihgabe.php', 226)
 2 [internal function]: CodeIgniter\Debug\Exceptions->errorHandler(8192, 'date_create_from_format(): Passing null to parameter #2 ($datetime) of type string is deprecated', 'APPPATH\\Controllers\\Leihgabe.php', 226)
 3 APPPATH\Controllers\Leihgabe.php(226): date_create_from_format('Y-m-d H:i:s', null)
 4 SYSTEMPATH\CodeIgniter.php(927): App\Controllers\Leihgabe->alleLeihgaben('filter')
 5 SYSTEMPATH\CodeIgniter.php(482): CodeIgniter\CodeIgniter->runController(Object(App\Controllers\Leihgabe))
 6 SYSTEMPATH\CodeIgniter.php(351): CodeIgniter\CodeIgniter->handleRequest(null, Object(Config\Cache), false)
 7 FCPATH\index.php(55): CodeIgniter\CodeIgniter->run()
CRITICAL - 2023-03-12 20:53:51 --> Undefined constant "App\Controllers\leihgaben"
in APPPATH\Controllers\Leihgabe.php on line 228.
 1 SYSTEMPATH\CodeIgniter.php(927): App\Controllers\Leihgabe->alleLeihgaben('filter')
 2 SYSTEMPATH\CodeIgniter.php(482): CodeIgniter\CodeIgniter->runController(Object(App\Controllers\Leihgabe))
 3 SYSTEMPATH\CodeIgniter.php(351): CodeIgniter\CodeIgniter->handleRequest(null, Object(Config\Cache), false)
 4 FCPATH\index.php(55): CodeIgniter\CodeIgniter->run()
CRITICAL - 2023-03-12 20:54:02 --> Undefined constant "CodeIgniter\Debug\VENDORPATH"
in SYSTEMPATH\Debug\Exceptions.php on line 177.
 1 SYSTEMPATH\Debug\Exceptions.php(157): CodeIgniter\Debug\Exceptions->isFakerDeprecationError(8192, 'date_create_from_format(): Passing null to parameter #2 ($datetime) of type string is deprecated', 'APPPATH\\Controllers\\Leihgabe.php', 229)
 2 [internal function]: CodeIgniter\Debug\Exceptions->errorHandler(8192, 'date_create_from_format(): Passing null to parameter #2 ($datetime) of type string is deprecated', 'APPPATH\\Controllers\\Leihgabe.php', 229)
 3 APPPATH\Controllers\Leihgabe.php(229): date_create_from_format('Y-m-d H:i:s', null)
 4 SYSTEMPATH\CodeIgniter.php(927): App\Controllers\Leihgabe->alleLeihgaben('filter')
 5 SYSTEMPATH\CodeIgniter.php(482): CodeIgniter\CodeIgniter->runController(Object(App\Controllers\Leihgabe))
 6 SYSTEMPATH\CodeIgniter.php(351): CodeIgniter\CodeIgniter->handleRequest(null, Object(Config\Cache), false)
 7 FCPATH\index.php(55): CodeIgniter\CodeIgniter->run()
CRITICAL - 2023-03-12 20:54:18 --> Undefined constant "CodeIgniter\Debug\VENDORPATH"
in SYSTEMPATH\Debug\Exceptions.php on line 177.
 1 SYSTEMPATH\Debug\Exceptions.php(157): CodeIgniter\Debug\Exceptions->isFakerDeprecationError(8192, 'date_create_from_format(): Passing null to parameter #2 ($datetime) of type string is deprecated', 'APPPATH\\Controllers\\Leihgabe.php', 229)
 2 [internal function]: CodeIgniter\Debug\Exceptions->errorHandler(8192, 'date_create_from_format(): Passing null to parameter #2 ($datetime) of type string is deprecated', 'APPPATH\\Controllers\\Leihgabe.php', 229)
 3 APPPATH\Controllers\Leihgabe.php(229): date_create_from_format('Y-m-d H:i:s', null)
 4 SYSTEMPATH\CodeIgniter.php(927): App\Controllers\Leihgabe->alleLeihgaben('filter')
 5 SYSTEMPATH\CodeIgniter.php(482): CodeIgniter\CodeIgniter->runController(Object(App\Controllers\Leihgabe))
 6 SYSTEMPATH\CodeIgniter.php(351): CodeIgniter\CodeIgniter->handleRequest(null, Object(Config\Cache), false)
 7 FCPATH\index.php(55): CodeIgniter\CodeIgniter->run()
CRITICAL - 2023-03-12 20:54:49 --> Undefined constant "CodeIgniter\Debug\VENDORPATH"
in SYSTEMPATH\Debug\Exceptions.php on line 177.
 1 SYSTEMPATH\Debug\Exceptions.php(157): CodeIgniter\Debug\Exceptions->isFakerDeprecationError(8192, 'date_create_from_format(): Passing null to parameter #2 ($datetime) of type string is deprecated', 'APPPATH\\Controllers\\Leihgabe.php', 231)
 2 [internal function]: CodeIgniter\Debug\Exceptions->errorHandler(8192, 'date_create_from_format(): Passing null to parameter #2 ($datetime) of type string is deprecated', 'APPPATH\\Controllers\\Leihgabe.php', 231)
 3 APPPATH\Controllers\Leihgabe.php(231): date_create_from_format('Y-m-d H:i:s', null)
 4 SYSTEMPATH\CodeIgniter.php(927): App\Controllers\Leihgabe->alleLeihgaben('filter')
 5 SYSTEMPATH\CodeIgniter.php(482): CodeIgniter\CodeIgniter->runController(Object(App\Controllers\Leihgabe))
 6 SYSTEMPATH\CodeIgniter.php(351): CodeIgniter\CodeIgniter->handleRequest(null, Object(Config\Cache), false)
 7 FCPATH\index.php(55): CodeIgniter\CodeIgniter->run()
CRITICAL - 2023-03-12 20:55:15 --> Undefined constant "CodeIgniter\Debug\VENDORPATH"
in SYSTEMPATH\Debug\Exceptions.php on line 177.
 1 SYSTEMPATH\Debug\Exceptions.php(157): CodeIgniter\Debug\Exceptions->isFakerDeprecationError(8192, 'date_create_from_format(): Passing null to parameter #2 ($datetime) of type string is deprecated', 'APPPATH\\Controllers\\Leihgabe.php', 231)
 2 [internal function]: CodeIgniter\Debug\Exceptions->errorHandler(8192, 'date_create_from_format(): Passing null to parameter #2 ($datetime) of type string is deprecated', 'APPPATH\\Controllers\\Leihgabe.php', 231)
 3 APPPATH\Controllers\Leihgabe.php(231): date_create_from_format('Y-m-d H:i:s', null)
 4 SYSTEMPATH\CodeIgniter.php(927): App\Controllers\Leihgabe->alleLeihgaben('filter')
 5 SYSTEMPATH\CodeIgniter.php(482): CodeIgniter\CodeIgniter->runController(Object(App\Controllers\Leihgabe))
 6 SYSTEMPATH\CodeIgniter.php(351): CodeIgniter\CodeIgniter->handleRequest(null, Object(Config\Cache), false)
 7 FCPATH\index.php(55): CodeIgniter\CodeIgniter->run()
CRITICAL - 2023-03-12 20:55:33 --> Undefined constant "CodeIgniter\Debug\VENDORPATH"
in SYSTEMPATH\Debug\Exceptions.php on line 177.
 1 SYSTEMPATH\Debug\Exceptions.php(157): CodeIgniter\Debug\Exceptions->isFakerDeprecationError(8192, 'date_create_from_format(): Passing null to parameter #2 ($datetime) of type string is deprecated', 'APPPATH\\Controllers\\Leihgabe.php', 231)
 2 [internal function]: CodeIgniter\Debug\Exceptions->errorHandler(8192, 'date_create_from_format(): Passing null to parameter #2 ($datetime) of type string is deprecated', 'APPPATH\\Controllers\\Leihgabe.php', 231)
 3 APPPATH\Controllers\Leihgabe.php(231): date_create_from_format('Y-m-d H:i:s', null)
 4 SYSTEMPATH\CodeIgniter.php(927): App\Controllers\Leihgabe->alleLeihgaben('filter')
 5 SYSTEMPATH\CodeIgniter.php(482): CodeIgniter\CodeIgniter->runController(Object(App\Controllers\Leihgabe))
 6 SYSTEMPATH\CodeIgniter.php(351): CodeIgniter\CodeIgniter->handleRequest(null, Object(Config\Cache), false)
 7 FCPATH\index.php(55): CodeIgniter\CodeIgniter->run()
CRITICAL - 2023-03-12 20:55:56 --> Undefined constant "CodeIgniter\Debug\VENDORPATH"
in SYSTEMPATH\Debug\Exceptions.php on line 177.
 1 SYSTEMPATH\Debug\Exceptions.php(157): CodeIgniter\Debug\Exceptions->isFakerDeprecationError(8192, 'date_create_from_format(): Passing null to parameter #2 ($datetime) of type string is deprecated', 'APPPATH\\Controllers\\Leihgabe.php', 233)
 2 [internal function]: CodeIgniter\Debug\Exceptions->errorHandler(8192, 'date_create_from_format(): Passing null to parameter #2 ($datetime) of type string is deprecated', 'APPPATH\\Controllers\\Leihgabe.php', 233)
 3 APPPATH\Controllers\Leihgabe.php(233): date_create_from_format('Y-m-d H:i:s', null)
 4 SYSTEMPATH\CodeIgniter.php(927): App\Controllers\Leihgabe->alleLeihgaben('filter')
 5 SYSTEMPATH\CodeIgniter.php(482): CodeIgniter\CodeIgniter->runController(Object(App\Controllers\Leihgabe))
 6 SYSTEMPATH\CodeIgniter.php(351): CodeIgniter\CodeIgniter->handleRequest(null, Object(Config\Cache), false)
 7 FCPATH\index.php(55): CodeIgniter\CodeIgniter->run()
CRITICAL - 2023-03-12 20:56:05 --> Undefined constant "CodeIgniter\Debug\VENDORPATH"
in SYSTEMPATH\Debug\Exceptions.php on line 177.
 1 SYSTEMPATH\Debug\Exceptions.php(157): CodeIgniter\Debug\Exceptions->isFakerDeprecationError(8192, 'date_create_from_format(): Passing null to parameter #2 ($datetime) of type string is deprecated', 'APPPATH\\Controllers\\Leihgabe.php', 233)
 2 [internal function]: CodeIgniter\Debug\Exceptions->errorHandler(8192, 'date_create_from_format(): Passing null to parameter #2 ($datetime) of type string is deprecated', 'APPPATH\\Controllers\\Leihgabe.php', 233)
 3 APPPATH\Controllers\Leihgabe.php(233): date_create_from_format('Y-m-d H:i:s', null)
 4 SYSTEMPATH\CodeIgniter.php(927): App\Controllers\Leihgabe->alleLeihgaben('filter')
 5 SYSTEMPATH\CodeIgniter.php(482): CodeIgniter\CodeIgniter->runController(Object(App\Controllers\Leihgabe))
 6 SYSTEMPATH\CodeIgniter.php(351): CodeIgniter\CodeIgniter->handleRequest(null, Object(Config\Cache), false)
 7 FCPATH\index.php(55): CodeIgniter\CodeIgniter->run()
CRITICAL - 2023-03-12 21:09:44 --> Call to undefined method App\Libraries\LeihtHelper::gegenstandZurueckgeben()
in APPPATH\Controllers\Gegenstand.php on line 218.
 1 SYSTEMPATH\CodeIgniter.php(927): App\Controllers\Gegenstand->gegenstandZurueckgeben('GEa')
 2 SYSTEMPATH\CodeIgniter.php(482): CodeIgniter\CodeIgniter->runController(Object(App\Controllers\Gegenstand))
 3 SYSTEMPATH\CodeIgniter.php(351): CodeIgniter\CodeIgniter->handleRequest(null, Object(Config\Cache), false)
 4 FCPATH\index.php(67): CodeIgniter\CodeIgniter->run()
CRITICAL - 2023-03-12 21:12:18 --> Undefined array key "id"
in APPPATH\Libraries\LeihtHelper.php on line 208.
 1 APPPATH\Libraries\LeihtHelper.php(208): CodeIgniter\Debug\Exceptions->errorHandler(2, 'Undefined array key "id"', 'APPPATH\\Libraries\\LeihtHelper.php', 208)
 2 APPPATH\Controllers\Gegenstand.php(217): App\Libraries\LeihtHelper::zurueckgeben('GEa')
 3 SYSTEMPATH\CodeIgniter.php(927): App\Controllers\Gegenstand->gegenstandZurueckgeben('GEa')
 4 SYSTEMPATH\CodeIgniter.php(482): CodeIgniter\CodeIgniter->runController(Object(App\Controllers\Gegenstand))
 5 SYSTEMPATH\CodeIgniter.php(351): CodeIgniter\CodeIgniter->handleRequest(null, Object(Config\Cache), false)
 6 FCPATH\index.php(67): CodeIgniter\CodeIgniter->run()
CRITICAL - 2023-03-12 21:27:32 --> Undefined array key "datum_zurueck"
in APPPATH\Controllers\Leihgabe.php on line 289.
 1 APPPATH\Controllers\Leihgabe.php(289): CodeIgniter\Debug\Exceptions->errorHandler(2, 'Undefined array key "datum_zurueck"', 'APPPATH\\Controllers\\Leihgabe.php', 289)
 2 SYSTEMPATH\CodeIgniter.php(927): App\Controllers\Leihgabe->leihgabeAnzeigen('67')
 3 SYSTEMPATH\CodeIgniter.php(482): CodeIgniter\CodeIgniter->runController(Object(App\Controllers\Leihgabe))
 4 SYSTEMPATH\CodeIgniter.php(351): CodeIgniter\CodeIgniter->handleRequest(null, Object(Config\Cache), false)
 5 FCPATH\index.php(67): CodeIgniter\CodeIgniter->run()
