CRITICAL - 2023-01-06 12:39:09 --> Undefined array key 2
in APPPATH\Controllers\Leihgabe.php on line 30.
 1 APPPATH\Controllers\Leihgabe.php(30): CodeIgniter\Debug\Exceptions->errorHandler(2, 'Undefined array key 2', 'APPPATH\\Controllers\\Leihgabe.php', 30)
 2 SYSTEMPATH\CodeIgniter.php(927): App\Controllers\Leihgabe->alleLeihgaben()
 3 SYSTEMPATH\CodeIgniter.php(482): CodeIgniter\CodeIgniter->runController(Object(App\Controllers\Leihgabe))
 4 SYSTEMPATH\CodeIgniter.php(351): CodeIgniter\CodeIgniter->handleRequest(null, Object(Config\Cache), false)
 5 FCPATH\index.php(67): CodeIgniter\CodeIgniter->run()
CRITICAL - 2023-01-06 12:41:03 --> Undefined array key "name"
in APPPATH\Controllers\Leihgabe.php on line 34.
 1 APPPATH\Controllers\Leihgabe.php(34): CodeIgniter\Debug\Exceptions->errorHandler(2, 'Undefined array key "name"', 'APPPATH\\Controllers\\Leihgabe.php', 34)
 2 SYSTEMPATH\CodeIgniter.php(927): App\Controllers\Leihgabe->alleLeihgaben()
 3 SYSTEMPATH\CodeIgniter.php(482): CodeIgniter\CodeIgniter->runController(Object(App\Controllers\Leihgabe))
 4 SYSTEMPATH\CodeIgniter.php(351): CodeIgniter\CodeIgniter->handleRequest(null, Object(Config\Cache), false)
 5 FCPATH\index.php(67): CodeIgniter\CodeIgniter->run()
CRITICAL - 2023-01-06 12:47:24 --> syntax error, unexpected token "}"
in APPPATH\Controllers\Leihgabe.php on line 37.
 1 SYSTEMPATH\Autoloader\Autoloader.php(259): CodeIgniter\Autoloader\Autoloader->includeFile('APPPATH\\Controllers\\Leihgabe.php')
 2 SYSTEMPATH\Autoloader\Autoloader.php(237): CodeIgniter\Autoloader\Autoloader->loadInNamespace('App\\Controllers\\Leihgabe')
 3 [internal function]: CodeIgniter\Autoloader\Autoloader->loadClass('App\\Controllers\\Leihgabe')
 4 SYSTEMPATH\CodeIgniter.php(877): class_exists('\\App\\Controllers\\Leihgabe', true)
 5 SYSTEMPATH\CodeIgniter.php(469): CodeIgniter\CodeIgniter->startController()
 6 SYSTEMPATH\CodeIgniter.php(351): CodeIgniter\CodeIgniter->handleRequest(null, Object(Config\Cache), false)
 7 FCPATH\index.php(67): CodeIgniter\CodeIgniter->run()
CRITICAL - 2023-01-06 12:47:31 --> date_format(): Argument #1 ($object) must be of type DateTimeInterface, string given
in APPPATH\Controllers\Leihgabe.php on line 36.
 1 APPPATH\Controllers\Leihgabe.php(36): date_format('2023-01-06 12:29:11', 'H:i:s Y-m-d')
 2 SYSTEMPATH\CodeIgniter.php(927): App\Controllers\Leihgabe->alleLeihgaben()
 3 SYSTEMPATH\CodeIgniter.php(482): CodeIgniter\CodeIgniter->runController(Object(App\Controllers\Leihgabe))
 4 SYSTEMPATH\CodeIgniter.php(351): CodeIgniter\CodeIgniter->handleRequest(null, Object(Config\Cache), false)
 5 FCPATH\index.php(67): CodeIgniter\CodeIgniter->run()
CRITICAL - 2023-01-06 12:48:42 --> date_format(): Argument #1 ($object) must be of type DateTimeInterface, int given
in APPPATH\Controllers\Leihgabe.php on line 36.
 1 APPPATH\Controllers\Leihgabe.php(36): date_format(1673004551, 'H:i:s Y-m-d')
 2 SYSTEMPATH\CodeIgniter.php(927): App\Controllers\Leihgabe->alleLeihgaben()
 3 SYSTEMPATH\CodeIgniter.php(482): CodeIgniter\CodeIgniter->runController(Object(App\Controllers\Leihgabe))
 4 SYSTEMPATH\CodeIgniter.php(351): CodeIgniter\CodeIgniter->handleRequest(null, Object(Config\Cache), false)
 5 FCPATH\index.php(67): CodeIgniter\CodeIgniter->run()
CRITICAL - 2023-01-06 12:49:35 --> date_create_from_format() expects at least 2 arguments, 1 given
in APPPATH\Controllers\Leihgabe.php on line 36.
 1 APPPATH\Controllers\Leihgabe.php(36): date_create_from_format('2023-01-06 12:29:11')
 2 SYSTEMPATH\CodeIgniter.php(927): App\Controllers\Leihgabe->alleLeihgaben()
 3 SYSTEMPATH\CodeIgniter.php(482): CodeIgniter\CodeIgniter->runController(Object(App\Controllers\Leihgabe))
 4 SYSTEMPATH\CodeIgniter.php(351): CodeIgniter\CodeIgniter->handleRequest(null, Object(Config\Cache), false)
 5 FCPATH\index.php(67): CodeIgniter\CodeIgniter->run()
CRITICAL - 2023-01-06 12:49:57 --> date_format(): Argument #1 ($object) must be of type DateTimeInterface, int given
in APPPATH\Controllers\Leihgabe.php on line 36.
 1 APPPATH\Controllers\Leihgabe.php(36): date_format(1673004551, 'H:i:s Y-m-d')
 2 SYSTEMPATH\CodeIgniter.php(927): App\Controllers\Leihgabe->alleLeihgaben()
 3 SYSTEMPATH\CodeIgniter.php(482): CodeIgniter\CodeIgniter->runController(Object(App\Controllers\Leihgabe))
 4 SYSTEMPATH\CodeIgniter.php(351): CodeIgniter\CodeIgniter->handleRequest(null, Object(Config\Cache), false)
 5 FCPATH\index.php(67): CodeIgniter\CodeIgniter->run()
CRITICAL - 2023-01-06 12:54:47 --> Undefined variable $info
in APPPATH\Views\Leihgabe\alleLeihgaben.php on line 23.
 1 APPPATH\Views\Leihgabe\alleLeihgaben.php(23): CodeIgniter\Debug\Exceptions->errorHandler(2, 'Undefined variable $info', 'APPPATH\\Views\\Leihgabe\\alleLeihgaben.php', 23)
 2 SYSTEMPATH\View\View.php(213): include('APPPATH\\Views\\Leihgabe\\alleLeihgaben.php')
 3 SYSTEMPATH\View\View.php(216): CodeIgniter\View\View->CodeIgniter\View\{closure}()
 4 SYSTEMPATH\Common.php(1134): CodeIgniter\View\View->render('Leihgabe/alleLeihgaben', [], true)
 5 APPPATH\Controllers\Leihgabe.php(41): view('Leihgabe/alleLeihgaben', [...])
 6 SYSTEMPATH\CodeIgniter.php(927): App\Controllers\Leihgabe->alleLeihgaben()
 7 SYSTEMPATH\CodeIgniter.php(482): CodeIgniter\CodeIgniter->runController(Object(App\Controllers\Leihgabe))
 8 SYSTEMPATH\CodeIgniter.php(351): CodeIgniter\CodeIgniter->handleRequest(null, Object(Config\Cache), false)
 9 FCPATH\index.php(67): CodeIgniter\CodeIgniter->run()
CRITICAL - 2023-01-06 13:08:08 --> Class "App\Controllers\LeihgabenHelper" not found
in APPPATH\Controllers\Leihgabe.php on line 60.
 1 SYSTEMPATH\CodeIgniter.php(927): App\Controllers\Leihgabe->leihgabeAnzeigen('5')
 2 SYSTEMPATH\CodeIgniter.php(482): CodeIgniter\CodeIgniter->runController(Object(App\Controllers\Leihgabe))
 3 SYSTEMPATH\CodeIgniter.php(351): CodeIgniter\CodeIgniter->handleRequest(null, Object(Config\Cache), false)
 4 FCPATH\index.php(67): CodeIgniter\CodeIgniter->run()
CRITICAL - 2023-01-06 13:10:02 --> Undefined array key "id"
in APPPATH\Views\Leihgabe\LeihgabeAnzeigen.php on line 22.
 1 APPPATH\Views\Leihgabe\LeihgabeAnzeigen.php(22): CodeIgniter\Debug\Exceptions->errorHandler(2, 'Undefined array key "id"', 'APPPATH\\Views\\Leihgabe\\LeihgabeAnzeigen.php', 22)
 2 SYSTEMPATH\View\View.php(213): include('APPPATH\\Views\\Leihgabe\\LeihgabeAnzeigen.php')
 3 SYSTEMPATH\View\View.php(216): CodeIgniter\View\View->CodeIgniter\View\{closure}()
 4 SYSTEMPATH\Common.php(1134): CodeIgniter\View\View->render('Leihgabe/leihgabeAnzeigen', [], true)
 5 APPPATH\Controllers\Leihgabe.php(72): view('Leihgabe/leihgabeAnzeigen', [...])
 6 SYSTEMPATH\CodeIgniter.php(927): App\Controllers\Leihgabe->leihgabeAnzeigen('5')
 7 SYSTEMPATH\CodeIgniter.php(482): CodeIgniter\CodeIgniter->runController(Object(App\Controllers\Leihgabe))
 8 SYSTEMPATH\CodeIgniter.php(351): CodeIgniter\CodeIgniter->handleRequest(null, Object(Config\Cache), false)
 9 FCPATH\index.php(67): CodeIgniter\CodeIgniter->run()
CRITICAL - 2023-01-06 13:12:59 --> Undefined variable $leihgabe
in APPPATH\Views\Leihgabe\LeihgabeAnzeigen.php on line 29.
 1 APPPATH\Views\Leihgabe\LeihgabeAnzeigen.php(29): CodeIgniter\Debug\Exceptions->errorHandler(2, 'Undefined variable $leihgabe', 'APPPATH\\Views\\Leihgabe\\LeihgabeAnzeigen.php', 29)
 2 SYSTEMPATH\View\View.php(213): include('APPPATH\\Views\\Leihgabe\\LeihgabeAnzeigen.php')
 3 SYSTEMPATH\View\View.php(216): CodeIgniter\View\View->CodeIgniter\View\{closure}()
 4 SYSTEMPATH\Common.php(1134): CodeIgniter\View\View->render('Leihgabe/leihgabeAnzeigen', [], true)
 5 APPPATH\Controllers\Leihgabe.php(82): view('Leihgabe/leihgabeAnzeigen', [...])
 6 SYSTEMPATH\CodeIgniter.php(927): App\Controllers\Leihgabe->leihgabeAnzeigen('5')
 7 SYSTEMPATH\CodeIgniter.php(482): CodeIgniter\CodeIgniter->runController(Object(App\Controllers\Leihgabe))
 8 SYSTEMPATH\CodeIgniter.php(351): CodeIgniter\CodeIgniter->handleRequest(null, Object(Config\Cache), false)
 9 FCPATH\index.php(67): CodeIgniter\CodeIgniter->run()
CRITICAL - 2023-01-06 13:13:18 --> Undefined array key "bezeichnung"
in APPPATH\Views\Leihgabe\LeihgabeAnzeigen.php on line 29.
 1 APPPATH\Views\Leihgabe\LeihgabeAnzeigen.php(29): CodeIgniter\Debug\Exceptions->errorHandler(2, 'Undefined array key "bezeichnung"', 'APPPATH\\Views\\Leihgabe\\LeihgabeAnzeigen.php', 29)
 2 SYSTEMPATH\View\View.php(213): include('APPPATH\\Views\\Leihgabe\\LeihgabeAnzeigen.php')
 3 SYSTEMPATH\View\View.php(216): CodeIgniter\View\View->CodeIgniter\View\{closure}()
 4 SYSTEMPATH\Common.php(1134): CodeIgniter\View\View->render('Leihgabe/leihgabeAnzeigen', [], true)
 5 APPPATH\Controllers\Leihgabe.php(82): view('Leihgabe/leihgabeAnzeigen', [...])
 6 SYSTEMPATH\CodeIgniter.php(927): App\Controllers\Leihgabe->leihgabeAnzeigen('5')
 7 SYSTEMPATH\CodeIgniter.php(482): CodeIgniter\CodeIgniter->runController(Object(App\Controllers\Leihgabe))
 8 SYSTEMPATH\CodeIgniter.php(351): CodeIgniter\CodeIgniter->handleRequest(null, Object(Config\Cache), false)
 9 FCPATH\index.php(67): CodeIgniter\CodeIgniter->run()
CRITICAL - 2023-01-06 13:14:14 --> Undefined array key "id"
in APPPATH\Views\Leihgabe\LeihgabeAnzeigen.php on line 30.
 1 APPPATH\Views\Leihgabe\LeihgabeAnzeigen.php(30): CodeIgniter\Debug\Exceptions->errorHandler(2, 'Undefined array key "id"', 'APPPATH\\Views\\Leihgabe\\LeihgabeAnzeigen.php', 30)
 2 SYSTEMPATH\View\View.php(213): include('APPPATH\\Views\\Leihgabe\\LeihgabeAnzeigen.php')
 3 SYSTEMPATH\View\View.php(216): CodeIgniter\View\View->CodeIgniter\View\{closure}()
 4 SYSTEMPATH\Common.php(1134): CodeIgniter\View\View->render('Leihgabe/leihgabeAnzeigen', [], true)
 5 APPPATH\Controllers\Leihgabe.php(82): view('Leihgabe/leihgabeAnzeigen', [...])
 6 SYSTEMPATH\CodeIgniter.php(927): App\Controllers\Leihgabe->leihgabeAnzeigen('5')
 7 SYSTEMPATH\CodeIgniter.php(482): CodeIgniter\CodeIgniter->runController(Object(App\Controllers\Leihgabe))
 8 SYSTEMPATH\CodeIgniter.php(351): CodeIgniter\CodeIgniter->handleRequest(null, Object(Config\Cache), false)
 9 FCPATH\index.php(67): CodeIgniter\CodeIgniter->run()
CRITICAL - 2023-01-06 13:19:54 --> Undefined array key "active"
in APPPATH\Controllers\Leihgabe.php on line 73.
 1 APPPATH\Controllers\Leihgabe.php(73): CodeIgniter\Debug\Exceptions->errorHandler(2, 'Undefined array key "active"', 'APPPATH\\Controllers\\Leihgabe.php', 73)
 2 SYSTEMPATH\CodeIgniter.php(927): App\Controllers\Leihgabe->leihgabeAnzeigen('5')
 3 SYSTEMPATH\CodeIgniter.php(482): CodeIgniter\CodeIgniter->runController(Object(App\Controllers\Leihgabe))
 4 SYSTEMPATH\CodeIgniter.php(351): CodeIgniter\CodeIgniter->handleRequest(null, Object(Config\Cache), false)
 5 FCPATH\index.php(67): CodeIgniter\CodeIgniter->run()
CRITICAL - 2023-01-06 13:26:44 --> syntax error, unexpected double-quote mark, expecting ")"
in APPPATH\Controllers\Leihgabe.php on line 67.
 1 SYSTEMPATH\Autoloader\Autoloader.php(259): CodeIgniter\Autoloader\Autoloader->includeFile('APPPATH\\Controllers\\Leihgabe.php')
 2 SYSTEMPATH\Autoloader\Autoloader.php(237): CodeIgniter\Autoloader\Autoloader->loadInNamespace('App\\Controllers\\Leihgabe')
 3 [internal function]: CodeIgniter\Autoloader\Autoloader->loadClass('App\\Controllers\\Leihgabe')
 4 SYSTEMPATH\CodeIgniter.php(877): class_exists('\\App\\Controllers\\Leihgabe', true)
 5 SYSTEMPATH\CodeIgniter.php(469): CodeIgniter\CodeIgniter->startController()
 6 SYSTEMPATH\CodeIgniter.php(351): CodeIgniter\CodeIgniter->handleRequest(null, Object(Config\Cache), false)
 7 FCPATH\index.php(67): CodeIgniter\CodeIgniter->run()
