CRITICAL - 2023-03-08 17:25:14 --> Undefined variable $activeLeihgaben
in APPPATH\Controllers\Leihgabe.php on line 63.
 1 APPPATH\Controllers\Leihgabe.php(63): CodeIgniter\Debug\Exceptions->errorHandler(2, 'Undefined variable $activeLeihgaben', 'APPPATH\\Controllers\\Leihgabe.php', 63)
 2 SYSTEMPATH\CodeIgniter.php(927): App\Controllers\Leihgabe->alleLeihgaben()
 3 SYSTEMPATH\CodeIgniter.php(482): CodeIgniter\CodeIgniter->runController(Object(App\Controllers\Leihgabe))
 4 SYSTEMPATH\CodeIgniter.php(351): CodeIgniter\CodeIgniter->handleRequest(null, Object(Config\Cache), false)
 5 FCPATH\index.php(67): CodeIgniter\CodeIgniter->run()
CRITICAL - 2023-03-08 17:39:33 --> Call to undefined method App\Libraries\GegenstandHelper::getAllLehrer()
in APPPATH\Controllers\Leihgabe.php on line 76.
 1 SYSTEMPATH\CodeIgniter.php(927): App\Controllers\Leihgabe->alleLeihgaben()
 2 SYSTEMPATH\CodeIgniter.php(482): CodeIgniter\CodeIgniter->runController(Object(App\Controllers\Leihgabe))
 3 SYSTEMPATH\CodeIgniter.php(351): CodeIgniter\CodeIgniter->handleRequest(null, Object(Config\Cache), false)
 4 FCPATH\index.php(67): CodeIgniter\CodeIgniter->run()
CRITICAL - 2023-03-08 17:39:50 --> Call to a member function GroupBy() on array
in APPPATH\Libraries\LeihtHelper.php on line 190.
 1 APPPATH\Controllers\Leihgabe.php(76): App\Libraries\LeihtHelper::getAllLehrer()
 2 SYSTEMPATH\CodeIgniter.php(927): App\Controllers\Leihgabe->alleLeihgaben()
 3 SYSTEMPATH\CodeIgniter.php(482): CodeIgniter\CodeIgniter->runController(Object(App\Controllers\Leihgabe))
 4 SYSTEMPATH\CodeIgniter.php(351): CodeIgniter\CodeIgniter->handleRequest(null, Object(Config\Cache), false)
 5 FCPATH\index.php(67): CodeIgniter\CodeIgniter->run()
CRITICAL - 2023-03-08 18:23:12 --> Undefined variable $sql
in APPPATH\Views\Leihgabe\alleLeihgaben.php on line 16.
 1 APPPATH\Views\Leihgabe\alleLeihgaben.php(16): CodeIgniter\Debug\Exceptions->errorHandler(2, 'Undefined variable $sql', 'APPPATH\\Views\\Leihgabe\\alleLeihgaben.php', 16)
 2 SYSTEMPATH\View\View.php(213): include('APPPATH\\Views\\Leihgabe\\alleLeihgaben.php')
 3 SYSTEMPATH\View\View.php(216): CodeIgniter\View\View->CodeIgniter\View\{closure}()
 4 SYSTEMPATH\Common.php(1134): CodeIgniter\View\View->render('Leihgabe/alleLeihgaben', [], true)
 5 APPPATH\Controllers\Leihgabe.php(107): view('Leihgabe/alleLeihgaben', [...])
 6 SYSTEMPATH\CodeIgniter.php(927): App\Controllers\Leihgabe->alleLeihgaben()
 7 SYSTEMPATH\CodeIgniter.php(482): CodeIgniter\CodeIgniter->runController(Object(App\Controllers\Leihgabe))
 8 SYSTEMPATH\CodeIgniter.php(351): CodeIgniter\CodeIgniter->handleRequest(null, Object(Config\Cache), false)
 9 FCPATH\index.php(67): CodeIgniter\CodeIgniter->run()
CRITICAL - 2023-03-08 18:24:41 --> Call to undefined method App\Libraries\SchuelerHelper::getByNameGroueped()
in APPPATH\Controllers\Leihgabe.php on line 59.
 1 SYSTEMPATH\CodeIgniter.php(927): App\Controllers\Leihgabe->alleLeihgaben('filter')
 2 SYSTEMPATH\CodeIgniter.php(482): CodeIgniter\CodeIgniter->runController(Object(App\Controllers\Leihgabe))
 3 SYSTEMPATH\CodeIgniter.php(351): CodeIgniter\CodeIgniter->handleRequest(null, Object(Config\Cache), false)
 4 FCPATH\index.php(67): CodeIgniter\CodeIgniter->run()
CRITICAL - 2023-03-08 18:25:49 --> Array to string conversion
in APPPATH\Controllers\Leihgabe.php on line 61.
 1 APPPATH\Controllers\Leihgabe.php(61): CodeIgniter\Debug\Exceptions->errorHandler(2, 'Array to string conversion', 'APPPATH\\Controllers\\Leihgabe.php', 61)
 2 SYSTEMPATH\CodeIgniter.php(927): App\Controllers\Leihgabe->alleLeihgaben('filter')
 3 SYSTEMPATH\CodeIgniter.php(482): CodeIgniter\CodeIgniter->runController(Object(App\Controllers\Leihgabe))
 4 SYSTEMPATH\CodeIgniter.php(351): CodeIgniter\CodeIgniter->handleRequest(null, Object(Config\Cache), false)
 5 FCPATH\index.php(67): CodeIgniter\CodeIgniter->run()
CRITICAL - 2023-03-08 18:32:18 --> syntax error, unexpected token "}"
in APPPATH\Controllers\Leihgabe.php on line 79.
 1 SYSTEMPATH\Autoloader\Autoloader.php(259): CodeIgniter\Autoloader\Autoloader->includeFile('APPPATH\\Controllers\\Leihgabe.php')
 2 SYSTEMPATH\Autoloader\Autoloader.php(237): CodeIgniter\Autoloader\Autoloader->loadInNamespace('App\\Controllers\\Leihgabe')
 3 [internal function]: CodeIgniter\Autoloader\Autoloader->loadClass('App\\Controllers\\Leihgabe')
 4 SYSTEMPATH\CodeIgniter.php(877): class_exists('\\App\\Controllers\\Leihgabe', true)
 5 SYSTEMPATH\CodeIgniter.php(469): CodeIgniter\CodeIgniter->startController()
 6 SYSTEMPATH\CodeIgniter.php(351): CodeIgniter\CodeIgniter->handleRequest(null, Object(Config\Cache), false)
 7 FCPATH\index.php(67): CodeIgniter\CodeIgniter->run()
CRITICAL - 2023-03-08 18:41:08 --> Undefined variable $valiedLehrer
in APPPATH\Controllers\Leihgabe.php on line 131.
 1 APPPATH\Controllers\Leihgabe.php(131): CodeIgniter\Debug\Exceptions->errorHandler(2, 'Undefined variable $valiedLehrer', 'APPPATH\\Controllers\\Leihgabe.php', 131)
 2 SYSTEMPATH\CodeIgniter.php(927): App\Controllers\Leihgabe->alleLeihgaben('filter')
 3 SYSTEMPATH\CodeIgniter.php(482): CodeIgniter\CodeIgniter->runController(Object(App\Controllers\Leihgabe))
 4 SYSTEMPATH\CodeIgniter.php(351): CodeIgniter\CodeIgniter->handleRequest(null, Object(Config\Cache), false)
 5 FCPATH\index.php(67): CodeIgniter\CodeIgniter->run()
CRITICAL - 2023-03-08 21:19:43 --> Undefined variable $gegnstaende
in APPPATH\Controllers\Leihgabe.php on line 140.
 1 APPPATH\Controllers\Leihgabe.php(140): CodeIgniter\Debug\Exceptions->errorHandler(2, 'Undefined variable $gegnstaende', 'APPPATH\\Controllers\\Leihgabe.php', 140)
 2 SYSTEMPATH\CodeIgniter.php(927): App\Controllers\Leihgabe->alleLeihgaben('filter')
 3 SYSTEMPATH\CodeIgniter.php(482): CodeIgniter\CodeIgniter->runController(Object(App\Controllers\Leihgabe))
 4 SYSTEMPATH\CodeIgniter.php(351): CodeIgniter\CodeIgniter->handleRequest(null, Object(Config\Cache), false)
 5 FCPATH\index.php(67): CodeIgniter\CodeIgniter->run()
CRITICAL - 2023-03-08 21:24:05 --> Undefined array key "id"
in APPPATH\Controllers\Leihgabe.php on line 144.
 1 APPPATH\Controllers\Leihgabe.php(144): CodeIgniter\Debug\Exceptions->errorHandler(2, 'Undefined array key "id"', 'APPPATH\\Controllers\\Leihgabe.php', 144)
 2 SYSTEMPATH\CodeIgniter.php(927): App\Controllers\Leihgabe->alleLeihgaben('filter')
 3 SYSTEMPATH\CodeIgniter.php(482): CodeIgniter\CodeIgniter->runController(Object(App\Controllers\Leihgabe))
 4 SYSTEMPATH\CodeIgniter.php(351): CodeIgniter\CodeIgniter->handleRequest(null, Object(Config\Cache), false)
 5 FCPATH\index.php(67): CodeIgniter\CodeIgniter->run()
CRITICAL - 2023-03-08 21:25:31 --> Call to undefined method App\Libraries\GegenstandHelper::getAllBezeichnungen()
in APPPATH\Controllers\Leihgabe.php on line 139.
 1 SYSTEMPATH\CodeIgniter.php(927): App\Controllers\Leihgabe->alleLeihgaben('filter')
 2 SYSTEMPATH\CodeIgniter.php(482): CodeIgniter\CodeIgniter->runController(Object(App\Controllers\Leihgabe))
 3 SYSTEMPATH\CodeIgniter.php(351): CodeIgniter\CodeIgniter->handleRequest(null, Object(Config\Cache), false)
 4 FCPATH\index.php(67): CodeIgniter\CodeIgniter->run()
CRITICAL - 2023-03-08 21:25:45 --> Undefined variable $bezeichnung
in APPPATH\Libraries\GegenstandHelper.php on line 43.
 1 APPPATH\Libraries\GegenstandHelper.php(43): CodeIgniter\Debug\Exceptions->errorHandler(2, 'Undefined variable $bezeichnung', 'APPPATH\\Libraries\\GegenstandHelper.php', 43)
 2 APPPATH\Controllers\Leihgabe.php(139): App\Libraries\GegenstandHelper::getAllBezeichnungen()
 3 SYSTEMPATH\CodeIgniter.php(927): App\Controllers\Leihgabe->alleLeihgaben('filter')
 4 SYSTEMPATH\CodeIgniter.php(482): CodeIgniter\CodeIgniter->runController(Object(App\Controllers\Leihgabe))
 5 SYSTEMPATH\CodeIgniter.php(351): CodeIgniter\CodeIgniter->handleRequest(null, Object(Config\Cache), false)
 6 FCPATH\index.php(67): CodeIgniter\CodeIgniter->run()
ERROR - 2023-03-08 21:40:03 --> mysqli_sql_exception: You have an error in your SQL syntax; check the manual that corresponds to your MariaDB server version for the right syntax to use near '21:40:03' at line 1 in D:\xampp\htdocs\AGB\system\Database\MySQLi\Connection.php:292
Stack trace:
#0 D:\xampp\htdocs\AGB\system\Database\MySQLi\Connection.php(292): mysqli->query('SELECT * FROM l...', 0)
#1 D:\xampp\htdocs\AGB\system\Database\BaseConnection.php(666): CodeIgniter\Database\MySQLi\Connection->execute('SELECT * FROM l...')
#2 D:\xampp\htdocs\AGB\system\Database\BaseConnection.php(593): CodeIgniter\Database\BaseConnection->simpleQuery('SELECT * FROM l...')
#3 D:\xampp\htdocs\AGB\app\Controllers\Leihgabe.php(197): CodeIgniter\Database\BaseConnection->query('SELECT * FROM l...')
#4 D:\xampp\htdocs\AGB\system\CodeIgniter.php(927): App\Controllers\Leihgabe->alleLeihgaben('filter')
#5 D:\xampp\htdocs\AGB\system\CodeIgniter.php(482): CodeIgniter\CodeIgniter->runController(Object(App\Controllers\Leihgabe))
#6 D:\xampp\htdocs\AGB\system\CodeIgniter.php(351): CodeIgniter\CodeIgniter->handleRequest(NULL, Object(Config\Cache), false)
#7 D:\xampp\htdocs\AGB\public\index.php(67): CodeIgniter\CodeIgniter->run()
#8 {main}
CRITICAL - 2023-03-08 21:40:03 --> You have an error in your SQL syntax; check the manual that corresponds to your MariaDB server version for the right syntax to use near '21:40:03' at line 1
in SYSTEMPATH\Database\MySQLi\Connection.php on line 292.
 1 SYSTEMPATH\Database\MySQLi\Connection.php(292): mysqli->query('SELECT * FROM leiht WHERE datum_ende <> null AND datum_ende < 2023-03-08 21:40:03', 0)
 2 SYSTEMPATH\Database\BaseConnection.php(666): CodeIgniter\Database\MySQLi\Connection->execute('SELECT * FROM leiht WHERE datum_ende <> null AND datum_ende < 2023-03-08 21:40:03')
 3 SYSTEMPATH\Database\BaseConnection.php(593): CodeIgniter\Database\BaseConnection->simpleQuery('SELECT * FROM leiht WHERE datum_ende <> null AND datum_ende < 2023-03-08 21:40:03')
 4 APPPATH\Controllers\Leihgabe.php(197): CodeIgniter\Database\BaseConnection->query('SELECT * FROM leiht WHERE datum_ende <> null AND datum_ende < 2023-03-08 21:40:03')
 5 SYSTEMPATH\CodeIgniter.php(927): App\Controllers\Leihgabe->alleLeihgaben('filter')
 6 SYSTEMPATH\CodeIgniter.php(482): CodeIgniter\CodeIgniter->runController(Object(App\Controllers\Leihgabe))
 7 SYSTEMPATH\CodeIgniter.php(351): CodeIgniter\CodeIgniter->handleRequest(null, Object(Config\Cache), false)
 8 FCPATH\index.php(67): CodeIgniter\CodeIgniter->run()
ERROR - 2023-03-08 21:40:21 --> mysqli_sql_exception: You have an error in your SQL syntax; check the manual that corresponds to your MariaDB server version for the right syntax to use near '21:40:21' at line 1 in D:\xampp\htdocs\AGB\system\Database\MySQLi\Connection.php:292
Stack trace:
#0 D:\xampp\htdocs\AGB\system\Database\MySQLi\Connection.php(292): mysqli->query('SELECT * FROM l...', 0)
#1 D:\xampp\htdocs\AGB\system\Database\BaseConnection.php(666): CodeIgniter\Database\MySQLi\Connection->execute('SELECT * FROM l...')
#2 D:\xampp\htdocs\AGB\system\Database\BaseConnection.php(593): CodeIgniter\Database\BaseConnection->simpleQuery('SELECT * FROM l...')
#3 D:\xampp\htdocs\AGB\app\Controllers\Leihgabe.php(199): CodeIgniter\Database\BaseConnection->query('SELECT * FROM l...')
#4 D:\xampp\htdocs\AGB\system\CodeIgniter.php(927): App\Controllers\Leihgabe->alleLeihgaben('filter')
#5 D:\xampp\htdocs\AGB\system\CodeIgniter.php(482): CodeIgniter\CodeIgniter->runController(Object(App\Controllers\Leihgabe))
#6 D:\xampp\htdocs\AGB\system\CodeIgniter.php(351): CodeIgniter\CodeIgniter->handleRequest(NULL, Object(Config\Cache), false)
#7 D:\xampp\htdocs\AGB\public\index.php(67): CodeIgniter\CodeIgniter->run()
#8 {main}
CRITICAL - 2023-03-08 21:40:21 --> You have an error in your SQL syntax; check the manual that corresponds to your MariaDB server version for the right syntax to use near '21:40:21' at line 1
in SYSTEMPATH\Database\MySQLi\Connection.php on line 292.
 1 SYSTEMPATH\Database\MySQLi\Connection.php(292): mysqli->query('SELECT * FROM leiht WHERE datum_ende <> null AND datum_ende < 2023-03-08 21:40:21', 0)
 2 SYSTEMPATH\Database\BaseConnection.php(666): CodeIgniter\Database\MySQLi\Connection->execute('SELECT * FROM leiht WHERE datum_ende <> null AND datum_ende < 2023-03-08 21:40:21')
 3 SYSTEMPATH\Database\BaseConnection.php(593): CodeIgniter\Database\BaseConnection->simpleQuery('SELECT * FROM leiht WHERE datum_ende <> null AND datum_ende < 2023-03-08 21:40:21')
 4 APPPATH\Controllers\Leihgabe.php(199): CodeIgniter\Database\BaseConnection->query('SELECT * FROM leiht WHERE datum_ende <> null AND datum_ende < 2023-03-08 21:40:21')
 5 SYSTEMPATH\CodeIgniter.php(927): App\Controllers\Leihgabe->alleLeihgaben('filter')
 6 SYSTEMPATH\CodeIgniter.php(482): CodeIgniter\CodeIgniter->runController(Object(App\Controllers\Leihgabe))
 7 SYSTEMPATH\CodeIgniter.php(351): CodeIgniter\CodeIgniter->handleRequest(null, Object(Config\Cache), false)
 8 FCPATH\index.php(67): CodeIgniter\CodeIgniter->run()
CRITICAL - 2023-03-08 21:48:45 --> Call to undefined method App\Libraries\SchuelerHelper::getAllSchuelerGrouped()
in APPPATH\Controllers\Leihgabe.php on line 80.
 1 SYSTEMPATH\CodeIgniter.php(927): App\Controllers\Leihgabe->alleLeihgaben('filter')
 2 SYSTEMPATH\CodeIgniter.php(482): CodeIgniter\CodeIgniter->runController(Object(App\Controllers\Leihgabe))
 3 SYSTEMPATH\CodeIgniter.php(351): CodeIgniter\CodeIgniter->handleRequest(null, Object(Config\Cache), false)
 4 FCPATH\index.php(67): CodeIgniter\CodeIgniter->run()
