CRITICAL - 2022-12-11 11:56:35 --> syntax error, unexpected token ";"
in APPPATH\Views\Leihgabe\leihgabeErstellen.php on line 78.
 1 SYSTEMPATH\View\View.php(216): CodeIgniter\View\View->CodeIgniter\View\{closure}()
 2 SYSTEMPATH\Common.php(1134): CodeIgniter\View\View->render('Leihgabe/leihgabeErstellen', [], true)
 3 APPPATH\Controllers\Leihgabe.php(31): view('Leihgabe/leihgabeErstellen', [...])
 4 SYSTEMPATH\CodeIgniter.php(927): App\Controllers\Leihgabe->leihgabeErstellen()
 5 SYSTEMPATH\CodeIgniter.php(482): CodeIgniter\CodeIgniter->runController(Object(App\Controllers\Leihgabe))
 6 SYSTEMPATH\CodeIgniter.php(351): CodeIgniter\CodeIgniter->handleRequest(null, Object(Config\Cache), false)
 7 FCPATH\index.php(67): CodeIgniter\CodeIgniter->run()
CRITICAL - 2022-12-11 12:12:29 --> syntax error, unexpected token ";"
in APPPATH\Controllers\Leihgabe.php on line 42.
 1 SYSTEMPATH\Autoloader\Autoloader.php(259): CodeIgniter\Autoloader\Autoloader->includeFile('APPPATH\\Controllers\\Leihgabe.php')
 2 SYSTEMPATH\Autoloader\Autoloader.php(237): CodeIgniter\Autoloader\Autoloader->loadInNamespace('App\\Controllers\\Leihgabe')
 3 [internal function]: CodeIgniter\Autoloader\Autoloader->loadClass('App\\Controllers\\Leihgabe')
 4 SYSTEMPATH\CodeIgniter.php(877): class_exists('\\App\\Controllers\\Leihgabe', true)
 5 SYSTEMPATH\CodeIgniter.php(469): CodeIgniter\CodeIgniter->startController()
 6 SYSTEMPATH\CodeIgniter.php(351): CodeIgniter\CodeIgniter->handleRequest(null, Object(Config\Cache), false)
 7 FCPATH\index.php(67): CodeIgniter\CodeIgniter->run()
CRITICAL - 2022-12-11 12:16:55 --> syntax error, unexpected token ";"
in APPPATH\Controllers\Leihgabe.php on line 42.
 1 SYSTEMPATH\Autoloader\Autoloader.php(259): CodeIgniter\Autoloader\Autoloader->includeFile('APPPATH\\Controllers\\Leihgabe.php')
 2 SYSTEMPATH\Autoloader\Autoloader.php(237): CodeIgniter\Autoloader\Autoloader->loadInNamespace('App\\Controllers\\Leihgabe')
 3 [internal function]: CodeIgniter\Autoloader\Autoloader->loadClass('App\\Controllers\\Leihgabe')
 4 SYSTEMPATH\CodeIgniter.php(877): class_exists('\\App\\Controllers\\Leihgabe', true)
 5 SYSTEMPATH\CodeIgniter.php(469): CodeIgniter\CodeIgniter->startController()
 6 SYSTEMPATH\CodeIgniter.php(351): CodeIgniter\CodeIgniter->handleRequest(null, Object(Config\Cache), false)
 7 FCPATH\index.php(67): CodeIgniter\CodeIgniter->run()
CRITICAL - 2022-12-11 12:17:39 --> syntax error, unexpected token ";"
in APPPATH\Controllers\Leihgabe.php on line 42.
 1 SYSTEMPATH\Autoloader\Autoloader.php(259): CodeIgniter\Autoloader\Autoloader->includeFile('APPPATH\\Controllers\\Leihgabe.php')
 2 SYSTEMPATH\Autoloader\Autoloader.php(237): CodeIgniter\Autoloader\Autoloader->loadInNamespace('App\\Controllers\\Leihgabe')
 3 [internal function]: CodeIgniter\Autoloader\Autoloader->loadClass('App\\Controllers\\Leihgabe')
 4 SYSTEMPATH\CodeIgniter.php(877): class_exists('\\App\\Controllers\\Leihgabe', true)
 5 SYSTEMPATH\CodeIgniter.php(469): CodeIgniter\CodeIgniter->startController()
 6 SYSTEMPATH\CodeIgniter.php(351): CodeIgniter\CodeIgniter->handleRequest(null, Object(Config\Cache), false)
 7 FCPATH\index.php(67): CodeIgniter\CodeIgniter->run()
CRITICAL - 2022-12-11 12:18:23 --> Undefined property: CodeIgniter\View\View::$session
in APPPATH\Views\Leihgabe\leihgabeErstellen.php on line 78.
 1 APPPATH\Views\Leihgabe\leihgabeErstellen.php(78): CodeIgniter\Debug\Exceptions->errorHandler(2, 'Undefined property: CodeIgniter\\View\\View::$session', 'APPPATH\\Views\\Leihgabe\\leihgabeErstellen.php', 78)
 2 SYSTEMPATH\View\View.php(213): include('APPPATH\\Views\\Leihgabe\\leihgabeErstellen.php')
 3 SYSTEMPATH\View\View.php(216): CodeIgniter\View\View->CodeIgniter\View\{closure}()
 4 SYSTEMPATH\Common.php(1134): CodeIgniter\View\View->render('Leihgabe/leihgabeErstellen', [], true)
 5 APPPATH\Controllers\Leihgabe.php(31): view('Leihgabe/leihgabeErstellen', [...])
 6 SYSTEMPATH\CodeIgniter.php(927): App\Controllers\Leihgabe->leihgabeErstellen()
 7 SYSTEMPATH\CodeIgniter.php(482): CodeIgniter\CodeIgniter->runController(Object(App\Controllers\Leihgabe))
 8 SYSTEMPATH\CodeIgniter.php(351): CodeIgniter\CodeIgniter->handleRequest(null, Object(Config\Cache), false)
 9 FCPATH\index.php(67): CodeIgniter\CodeIgniter->run()
CRITICAL - 2022-12-11 12:19:03 --> Undefined property: CodeIgniter\View\View::$session
in APPPATH\Views\Leihgabe\leihgabeErstellen.php on line 78.
 1 APPPATH\Views\Leihgabe\leihgabeErstellen.php(78): CodeIgniter\Debug\Exceptions->errorHandler(2, 'Undefined property: CodeIgniter\\View\\View::$session', 'APPPATH\\Views\\Leihgabe\\leihgabeErstellen.php', 78)
 2 SYSTEMPATH\View\View.php(213): include('APPPATH\\Views\\Leihgabe\\leihgabeErstellen.php')
 3 SYSTEMPATH\View\View.php(216): CodeIgniter\View\View->CodeIgniter\View\{closure}()
 4 SYSTEMPATH\Common.php(1134): CodeIgniter\View\View->render('Leihgabe/leihgabeErstellen', [], true)
 5 APPPATH\Controllers\Leihgabe.php(31): view('Leihgabe/leihgabeErstellen', [...])
 6 SYSTEMPATH\CodeIgniter.php(927): App\Controllers\Leihgabe->leihgabeErstellen()
 7 SYSTEMPATH\CodeIgniter.php(482): CodeIgniter\CodeIgniter->runController(Object(App\Controllers\Leihgabe))
 8 SYSTEMPATH\CodeIgniter.php(351): CodeIgniter\CodeIgniter->handleRequest(null, Object(Config\Cache), false)
 9 FCPATH\index.php(67): CodeIgniter\CodeIgniter->run()
CRITICAL - 2022-12-11 12:20:43 --> Undefined property: CodeIgniter\View\View::$session
in APPPATH\Views\Leihgabe\leihgabeErstellen.php on line 78.
 1 APPPATH\Views\Leihgabe\leihgabeErstellen.php(78): CodeIgniter\Debug\Exceptions->errorHandler(2, 'Undefined property: CodeIgniter\\View\\View::$session', 'APPPATH\\Views\\Leihgabe\\leihgabeErstellen.php', 78)
 2 SYSTEMPATH\View\View.php(213): include('APPPATH\\Views\\Leihgabe\\leihgabeErstellen.php')
 3 SYSTEMPATH\View\View.php(216): CodeIgniter\View\View->CodeIgniter\View\{closure}()
 4 SYSTEMPATH\Common.php(1134): CodeIgniter\View\View->render('Leihgabe/leihgabeErstellen', [], true)
 5 APPPATH\Controllers\Leihgabe.php(31): view('Leihgabe/leihgabeErstellen', [...])
 6 SYSTEMPATH\CodeIgniter.php(927): App\Controllers\Leihgabe->leihgabeErstellen()
 7 SYSTEMPATH\CodeIgniter.php(482): CodeIgniter\CodeIgniter->runController(Object(App\Controllers\Leihgabe))
 8 SYSTEMPATH\CodeIgniter.php(351): CodeIgniter\CodeIgniter->handleRequest(null, Object(Config\Cache), false)
 9 FCPATH\index.php(67): CodeIgniter\CodeIgniter->run()
CRITICAL - 2022-12-11 12:20:56 --> Undefined variable $ession
in APPPATH\Views\Leihgabe\leihgabeErstellen.php on line 78.
 1 APPPATH\Views\Leihgabe\leihgabeErstellen.php(78): CodeIgniter\Debug\Exceptions->errorHandler(2, 'Undefined variable $ession', 'APPPATH\\Views\\Leihgabe\\leihgabeErstellen.php', 78)
 2 SYSTEMPATH\View\View.php(213): include('APPPATH\\Views\\Leihgabe\\leihgabeErstellen.php')
 3 SYSTEMPATH\View\View.php(216): CodeIgniter\View\View->CodeIgniter\View\{closure}()
 4 SYSTEMPATH\Common.php(1134): CodeIgniter\View\View->render('Leihgabe/leihgabeErstellen', [], true)
 5 APPPATH\Controllers\Leihgabe.php(31): view('Leihgabe/leihgabeErstellen', [...])
 6 SYSTEMPATH\CodeIgniter.php(927): App\Controllers\Leihgabe->leihgabeErstellen()
 7 SYSTEMPATH\CodeIgniter.php(482): CodeIgniter\CodeIgniter->runController(Object(App\Controllers\Leihgabe))
 8 SYSTEMPATH\CodeIgniter.php(351): CodeIgniter\CodeIgniter->handleRequest(null, Object(Config\Cache), false)
 9 FCPATH\index.php(67): CodeIgniter\CodeIgniter->run()
CRITICAL - 2022-12-11 12:21:01 --> Undefined variable $session
in APPPATH\Views\Leihgabe\leihgabeErstellen.php on line 78.
 1 APPPATH\Views\Leihgabe\leihgabeErstellen.php(78): CodeIgniter\Debug\Exceptions->errorHandler(2, 'Undefined variable $session', 'APPPATH\\Views\\Leihgabe\\leihgabeErstellen.php', 78)
 2 SYSTEMPATH\View\View.php(213): include('APPPATH\\Views\\Leihgabe\\leihgabeErstellen.php')
 3 SYSTEMPATH\View\View.php(216): CodeIgniter\View\View->CodeIgniter\View\{closure}()
 4 SYSTEMPATH\Common.php(1134): CodeIgniter\View\View->render('Leihgabe/leihgabeErstellen', [], true)
 5 APPPATH\Controllers\Leihgabe.php(31): view('Leihgabe/leihgabeErstellen', [...])
 6 SYSTEMPATH\CodeIgniter.php(927): App\Controllers\Leihgabe->leihgabeErstellen()
 7 SYSTEMPATH\CodeIgniter.php(482): CodeIgniter\CodeIgniter->runController(Object(App\Controllers\Leihgabe))
 8 SYSTEMPATH\CodeIgniter.php(351): CodeIgniter\CodeIgniter->handleRequest(null, Object(Config\Cache), false)
 9 FCPATH\index.php(67): CodeIgniter\CodeIgniter->run()
CRITICAL - 2022-12-11 12:21:15 --> Undefined variable $session
in APPPATH\Views\Leihgabe\leihgabeErstellen.php on line 78.
 1 APPPATH\Views\Leihgabe\leihgabeErstellen.php(78): CodeIgniter\Debug\Exceptions->errorHandler(2, 'Undefined variable $session', 'APPPATH\\Views\\Leihgabe\\leihgabeErstellen.php', 78)
 2 SYSTEMPATH\View\View.php(213): include('APPPATH\\Views\\Leihgabe\\leihgabeErstellen.php')
 3 SYSTEMPATH\View\View.php(216): CodeIgniter\View\View->CodeIgniter\View\{closure}()
 4 SYSTEMPATH\Common.php(1134): CodeIgniter\View\View->render('Leihgabe/leihgabeErstellen', [], true)
 5 APPPATH\Controllers\Leihgabe.php(31): view('Leihgabe/leihgabeErstellen', [...])
 6 SYSTEMPATH\CodeIgniter.php(927): App\Controllers\Leihgabe->leihgabeErstellen()
 7 SYSTEMPATH\CodeIgniter.php(482): CodeIgniter\CodeIgniter->runController(Object(App\Controllers\Leihgabe))
 8 SYSTEMPATH\CodeIgniter.php(351): CodeIgniter\CodeIgniter->handleRequest(null, Object(Config\Cache), false)
 9 FCPATH\index.php(67): CodeIgniter\CodeIgniter->run()
CRITICAL - 2022-12-11 12:22:20 --> Undefined constant "session"
in APPPATH\Views\Leihgabe\leihgabeErstellen.php on line 78.
 1 SYSTEMPATH\View\View.php(213): include()
 2 SYSTEMPATH\View\View.php(216): CodeIgniter\View\View->CodeIgniter\View\{closure}()
 3 SYSTEMPATH\Common.php(1134): CodeIgniter\View\View->render('Leihgabe/leihgabeErstellen', [], true)
 4 APPPATH\Controllers\Leihgabe.php(31): view('Leihgabe/leihgabeErstellen', [...])
 5 SYSTEMPATH\CodeIgniter.php(927): App\Controllers\Leihgabe->leihgabeErstellen()
 6 SYSTEMPATH\CodeIgniter.php(482): CodeIgniter\CodeIgniter->runController(Object(App\Controllers\Leihgabe))
 7 SYSTEMPATH\CodeIgniter.php(351): CodeIgniter\CodeIgniter->handleRequest(null, Object(Config\Cache), false)
 8 FCPATH\index.php(67): CodeIgniter\CodeIgniter->run()
CRITICAL - 2022-12-11 12:24:54 --> Undefined array key "schuelerId"
in APPPATH\Views\Leihgabe\leihgabeErstellen.php on line 79.
 1 APPPATH\Views\Leihgabe\leihgabeErstellen.php(79): CodeIgniter\Debug\Exceptions->errorHandler(2, 'Undefined array key "schuelerId"', 'APPPATH\\Views\\Leihgabe\\leihgabeErstellen.php', 79)
 2 SYSTEMPATH\View\View.php(213): include('APPPATH\\Views\\Leihgabe\\leihgabeErstellen.php')
 3 SYSTEMPATH\View\View.php(216): CodeIgniter\View\View->CodeIgniter\View\{closure}()
 4 SYSTEMPATH\Common.php(1134): CodeIgniter\View\View->render('Leihgabe/leihgabeErstellen', [], true)
 5 APPPATH\Controllers\Leihgabe.php(31): view('Leihgabe/leihgabeErstellen', [...])
 6 SYSTEMPATH\CodeIgniter.php(927): App\Controllers\Leihgabe->leihgabeErstellen()
 7 SYSTEMPATH\CodeIgniter.php(482): CodeIgniter\CodeIgniter->runController(Object(App\Controllers\Leihgabe))
 8 SYSTEMPATH\CodeIgniter.php(351): CodeIgniter\CodeIgniter->handleRequest(null, Object(Config\Cache), false)
 9 FCPATH\index.php(67): CodeIgniter\CodeIgniter->run()
CRITICAL - 2022-12-11 12:25:08 --> Undefined array key "schuelerId"
in APPPATH\Views\Leihgabe\leihgabeErstellen.php on line 78.
 1 APPPATH\Views\Leihgabe\leihgabeErstellen.php(78): CodeIgniter\Debug\Exceptions->errorHandler(2, 'Undefined array key "schuelerId"', 'APPPATH\\Views\\Leihgabe\\leihgabeErstellen.php', 78)
 2 SYSTEMPATH\View\View.php(213): include('APPPATH\\Views\\Leihgabe\\leihgabeErstellen.php')
 3 SYSTEMPATH\View\View.php(216): CodeIgniter\View\View->CodeIgniter\View\{closure}()
 4 SYSTEMPATH\Common.php(1134): CodeIgniter\View\View->render('Leihgabe/leihgabeErstellen', [], true)
 5 APPPATH\Controllers\Leihgabe.php(31): view('Leihgabe/leihgabeErstellen', [...])
 6 SYSTEMPATH\CodeIgniter.php(927): App\Controllers\Leihgabe->leihgabeErstellen()
 7 SYSTEMPATH\CodeIgniter.php(482): CodeIgniter\CodeIgniter->runController(Object(App\Controllers\Leihgabe))
 8 SYSTEMPATH\CodeIgniter.php(351): CodeIgniter\CodeIgniter->handleRequest(null, Object(Config\Cache), false)
 9 FCPATH\index.php(67): CodeIgniter\CodeIgniter->run()
CRITICAL - 2022-12-11 13:13:16 --> Undefined array key "schuelerId"
in APPPATH\Views\Leihgabe\leihgabeErstellen.php on line 78.
 1 APPPATH\Views\Leihgabe\leihgabeErstellen.php(78): CodeIgniter\Debug\Exceptions->errorHandler(2, 'Undefined array key "schuelerId"', 'APPPATH\\Views\\Leihgabe\\leihgabeErstellen.php', 78)
 2 SYSTEMPATH\View\View.php(213): include('APPPATH\\Views\\Leihgabe\\leihgabeErstellen.php')
 3 SYSTEMPATH\View\View.php(216): CodeIgniter\View\View->CodeIgniter\View\{closure}()
 4 SYSTEMPATH\Common.php(1134): CodeIgniter\View\View->render('Leihgabe/leihgabeErstellen', [], true)
 5 APPPATH\Controllers\Leihgabe.php(31): view('Leihgabe/leihgabeErstellen', [...])
 6 SYSTEMPATH\CodeIgniter.php(927): App\Controllers\Leihgabe->leihgabeErstellen()
 7 SYSTEMPATH\CodeIgniter.php(482): CodeIgniter\CodeIgniter->runController(Object(App\Controllers\Leihgabe))
 8 SYSTEMPATH\CodeIgniter.php(351): CodeIgniter\CodeIgniter->handleRequest(null, Object(Config\Cache), false)
 9 FCPATH\index.php(67): CodeIgniter\CodeIgniter->run()
CRITICAL - 2022-12-11 13:14:22 --> syntax error, unexpected token "echo"
in APPPATH\Controllers\Leihgabe.php on line 43.
 1 SYSTEMPATH\Autoloader\Autoloader.php(259): CodeIgniter\Autoloader\Autoloader->includeFile('APPPATH\\Controllers\\Leihgabe.php')
 2 SYSTEMPATH\Autoloader\Autoloader.php(237): CodeIgniter\Autoloader\Autoloader->loadInNamespace('App\\Controllers\\Leihgabe')
 3 [internal function]: CodeIgniter\Autoloader\Autoloader->loadClass('App\\Controllers\\Leihgabe')
 4 SYSTEMPATH\CodeIgniter.php(877): class_exists('\\App\\Controllers\\Leihgabe', true)
 5 SYSTEMPATH\CodeIgniter.php(469): CodeIgniter\CodeIgniter->startController()
 6 SYSTEMPATH\CodeIgniter.php(351): CodeIgniter\CodeIgniter->handleRequest(null, Object(Config\Cache), false)
 7 FCPATH\index.php(67): CodeIgniter\CodeIgniter->run()
CRITICAL - 2022-12-11 13:14:43 --> syntax error, unexpected token "return"
in APPPATH\Controllers\Leihgabe.php on line 43.
 1 SYSTEMPATH\Autoloader\Autoloader.php(259): CodeIgniter\Autoloader\Autoloader->includeFile('APPPATH\\Controllers\\Leihgabe.php')
 2 SYSTEMPATH\Autoloader\Autoloader.php(237): CodeIgniter\Autoloader\Autoloader->loadInNamespace('App\\Controllers\\Leihgabe')
 3 [internal function]: CodeIgniter\Autoloader\Autoloader->loadClass('App\\Controllers\\Leihgabe')
 4 SYSTEMPATH\CodeIgniter.php(877): class_exists('\\App\\Controllers\\Leihgabe', true)
 5 SYSTEMPATH\CodeIgniter.php(469): CodeIgniter\CodeIgniter->startController()
 6 SYSTEMPATH\CodeIgniter.php(351): CodeIgniter\CodeIgniter->handleRequest(null, Object(Config\Cache), false)
 7 FCPATH\index.php(67): CodeIgniter\CodeIgniter->run()
CRITICAL - 2022-12-11 13:15:22 --> Undefined array key "schuelerId"
in APPPATH\Controllers\Leihgabe.php on line 41.
 1 APPPATH\Controllers\Leihgabe.php(41): CodeIgniter\Debug\Exceptions->errorHandler(2, 'Undefined array key "schuelerId"', 'APPPATH\\Controllers\\Leihgabe.php', 41)
 2 SYSTEMPATH\CodeIgniter.php(927): App\Controllers\Leihgabe->gegenstandHinzufuegen()
 3 SYSTEMPATH\CodeIgniter.php(482): CodeIgniter\CodeIgniter->runController(Object(App\Controllers\Leihgabe))
 4 SYSTEMPATH\CodeIgniter.php(351): CodeIgniter\CodeIgniter->handleRequest(null, Object(Config\Cache), false)
 5 FCPATH\index.php(67): CodeIgniter\CodeIgniter->run()
CRITICAL - 2022-12-11 13:20:41 --> Undefined constant "code"
in APPPATH\Views\Leihgabe\leihgabeErstellen.php on line 76.
 1 SYSTEMPATH\View\View.php(213): include()
 2 SYSTEMPATH\View\View.php(216): CodeIgniter\View\View->CodeIgniter\View\{closure}()
 3 SYSTEMPATH\Common.php(1134): CodeIgniter\View\View->render('Leihgabe/leihgabeErstellen', [], true)
 4 APPPATH\Controllers\Leihgabe.php(30): view('Leihgabe/leihgabeErstellen', [...])
 5 SYSTEMPATH\CodeIgniter.php(927): App\Controllers\Leihgabe->leihgabeErstellen()
 6 SYSTEMPATH\CodeIgniter.php(482): CodeIgniter\CodeIgniter->runController(Object(App\Controllers\Leihgabe))
 7 SYSTEMPATH\CodeIgniter.php(351): CodeIgniter\CodeIgniter->handleRequest(null, Object(Config\Cache), false)
 8 FCPATH\index.php(67): CodeIgniter\CodeIgniter->run()
CRITICAL - 2022-12-11 13:20:49 --> Undefined constant "code"
in APPPATH\Views\Leihgabe\leihgabeErstellen.php on line 76.
 1 SYSTEMPATH\View\View.php(213): include()
 2 SYSTEMPATH\View\View.php(216): CodeIgniter\View\View->CodeIgniter\View\{closure}()
 3 SYSTEMPATH\Common.php(1134): CodeIgniter\View\View->render('Leihgabe/leihgabeErstellen', [], true)
 4 APPPATH\Controllers\Leihgabe.php(30): view('Leihgabe/leihgabeErstellen', [...])
 5 SYSTEMPATH\CodeIgniter.php(927): App\Controllers\Leihgabe->leihgabeErstellen()
 6 SYSTEMPATH\CodeIgniter.php(482): CodeIgniter\CodeIgniter->runController(Object(App\Controllers\Leihgabe))
 7 SYSTEMPATH\CodeIgniter.php(351): CodeIgniter\CodeIgniter->handleRequest(null, Object(Config\Cache), false)
 8 FCPATH\index.php(67): CodeIgniter\CodeIgniter->run()
CRITICAL - 2022-12-11 13:26:46 --> Class "App\Controllers\SchuelerHelper" not found
in APPPATH\Controllers\Leihgabe.php on line 42.
 1 SYSTEMPATH\CodeIgniter.php(927): App\Controllers\Leihgabe->gegenstandHinzufuegen('asdf')
 2 SYSTEMPATH\CodeIgniter.php(482): CodeIgniter\CodeIgniter->runController(Object(App\Controllers\Leihgabe))
 3 SYSTEMPATH\CodeIgniter.php(351): CodeIgniter\CodeIgniter->handleRequest(null, Object(Config\Cache), false)
 4 FCPATH\index.php(67): CodeIgniter\CodeIgniter->run()
CRITICAL - 2022-12-11 13:27:24 --> Class "App\Libraries\SchuelerHelper" not found
in APPPATH\Controllers\Leihgabe.php on line 44.
 1 SYSTEMPATH\CodeIgniter.php(927): App\Controllers\Leihgabe->gegenstandHinzufuegen('asdf')
 2 SYSTEMPATH\CodeIgniter.php(482): CodeIgniter\CodeIgniter->runController(Object(App\Controllers\Leihgabe))
 3 SYSTEMPATH\CodeIgniter.php(351): CodeIgniter\CodeIgniter->handleRequest(null, Object(Config\Cache), false)
 4 FCPATH\index.php(67): CodeIgniter\CodeIgniter->run()
CRITICAL - 2022-12-11 13:29:06 --> Class "App\Libraries\SchuelerHelper" not found
in APPPATH\Controllers\Leihgabe.php on line 44.
 1 SYSTEMPATH\CodeIgniter.php(927): App\Controllers\Leihgabe->gegenstandHinzufuegen('asdf')
 2 SYSTEMPATH\CodeIgniter.php(482): CodeIgniter\CodeIgniter->runController(Object(App\Controllers\Leihgabe))
 3 SYSTEMPATH\CodeIgniter.php(351): CodeIgniter\CodeIgniter->handleRequest(null, Object(Config\Cache), false)
 4 FCPATH\index.php(67): CodeIgniter\CodeIgniter->run()
CRITICAL - 2022-12-11 13:32:46 --> Call to undefined method App\Models\SchuelerModel::FindFirst
in SYSTEMPATH\Model.php on line 774.
 1 APPPATH\Libraries\SchuelerHelper.php(12): CodeIgniter\Model->__call('FindFirst', [])
 2 APPPATH\Controllers\Leihgabe.php(44): App\Libraries\SchuelerHelper::getById('asdf')
 3 SYSTEMPATH\CodeIgniter.php(927): App\Controllers\Leihgabe->gegenstandHinzufuegen('asdf')
 4 SYSTEMPATH\CodeIgniter.php(482): CodeIgniter\CodeIgniter->runController(Object(App\Controllers\Leihgabe))
 5 SYSTEMPATH\CodeIgniter.php(351): CodeIgniter\CodeIgniter->handleRequest(null, Object(Config\Cache), false)
 6 FCPATH\index.php(67): CodeIgniter\CodeIgniter->run()
